# JRE version: Java(TM) SE Runtime Environment (8.0_25-b17) (build 1.8.0_25-b17)
# Java VM: Java HotSpot(TM) 64-Bit Server VM (25.25-b02 mixed mode bsd-amd64 compressed oops)
Heap:
 PSYoungGen      total 116736K, used 93447K [0x000000076ab00000, 0x0000000772900000, 0x00000007c0000000)
  eden space 105984K, 78% used [0x000000076ab00000,0x000000076fbc9cc0,0x0000000771280000)
  from space 10752K, 99% used [0x0000000771d00000,0x0000000772778060,0x0000000772780000)
  to   space 10752K, 0% used [0x0000000771280000,0x0000000771280000,0x0000000771d00000)
 ParOldGen       total 99328K, used 43732K [0x00000006c0000000, 0x00000006c6100000, 0x000000076ab00000)
  object space 99328K, 44% used [0x00000006c0000000,0x00000006c2ab51c0,0x00000006c6100000)
 Metaspace       used 26422K, capacity 27790K, committed 28032K, reserved 1073152K
  class space    used 3666K, capacity 3919K, committed 3968K, reserved 1048576K
GC Heap History (10 events):
Event: 1.193 GC heap before
{Heap before GC invocations=1 (full 0):
 PSYoungGen      total 76288K, used 65536K [0x000000076ab00000, 0x0000000770000000, 0x00000007c0000000)
  eden space 65536K, 100% used [0x000000076ab00000,0x000000076eb00000,0x000000076eb00000)
  from space 10752K, 0% used [0x000000076f580000,0x000000076f580000,0x0000000770000000)
  to   space 10752K, 0% used [0x000000076eb00000,0x000000076eb00000,0x000000076f580000)
 ParOldGen       total 175104K, used 0K [0x00000006c0000000, 0x00000006cab00000, 0x000000076ab00000)
  object space 175104K, 0% used [0x00000006c0000000,0x00000006c0000000,0x00000006cab00000)
 Metaspace       used 18000K, capacity 18598K, committed 18688K, reserved 1064960K
  class space    used 2598K, capacity 2755K, committed 2816K, reserved 1048576K
Event: 1.204 GC heap after
Heap after GC invocations=1 (full 0):
 PSYoungGen      total 76288K, used 10738K [0x000000076ab00000, 0x0000000770000000, 0x00000007c0000000)
  eden space 65536K, 0% used [0x000000076ab00000,0x000000076ab00000,0x000000076eb00000)
  from space 10752K, 99% used [0x000000076eb00000,0x000000076f57c8c8,0x000000076f580000)
  to   space 10752K, 0% used [0x000000076f580000,0x000000076f580000,0x0000000770000000)
 ParOldGen       total 175104K, used 1033K [0x00000006c0000000, 0x00000006cab00000, 0x000000076ab00000)
  object space 175104K, 0% used [0x00000006c0000000,0x00000006c0102668,0x00000006cab00000)
 Metaspace       used 18000K, capacity 18598K, committed 18688K, reserved 1064960K
  class space    used 2598K, capacity 2755K, committed 2816K, reserved 1048576K
}
Event: 1.308 GC heap before
{Heap before GC invocations=2 (full 0):
 PSYoungGen      total 76288K, used 20730K [0x000000076ab00000, 0x0000000770000000, 0x00000007c0000000)
  eden space 65536K, 15% used [0x000000076ab00000,0x000000076b4c1f68,0x000000076eb00000)
  from space 10752K, 99% used [0x000000076eb00000,0x000000076f57c8c8,0x000000076f580000)
  to   space 10752K, 0% used [0x000000076f580000,0x000000076f580000,0x0000000770000000)
 ParOldGen       total 175104K, used 1033K [0x00000006c0000000, 0x00000006cab00000, 0x000000076ab00000)
  object space 175104K, 0% used [0x00000006c0000000,0x00000006c0102668,0x00000006cab00000)
 Metaspace       used 20592K, capacity 21202K, committed 21248K, reserved 1067008K
  class space    used 2893K, capacity 3061K, committed 3072K, reserved 1048576K
Event: 1.321 GC heap after
Heap after GC invocations=2 (full 0):
 PSYoungGen      total 76288K, used 10742K [0x000000076ab00000, 0x0000000774000000, 0x00000007c0000000)
  eden space 65536K, 0% used [0x000000076ab00000,0x000000076ab00000,0x000000076eb00000)
  from space 10752K, 99% used [0x000000076f580000,0x000000076fffdb48,0x0000000770000000)
  to   space 10752K, 0% used [0x000000076eb00000,0x000000076eb00000,0x000000076f580000)
 ParOldGen       total 175104K, used 1949K [0x00000006c0000000, 0x00000006cab00000, 0x000000076ab00000)
  object space 175104K, 1% used [0x00000006c0000000,0x00000006c01e7490,0x00000006cab00000)
 Metaspace       used 20592K, capacity 21202K, committed 21248K, reserved 1067008K
  class space    used 2893K, capacity 3061K, committed 3072K, reserved 1048576K
}
Event: 1.321 GC heap before
{Heap before GC invocations=3 (full 1):
 PSYoungGen      total 76288K, used 10742K [0x000000076ab00000, 0x0000000774000000, 0x00000007c0000000)
  eden space 65536K, 0% used [0x000000076ab00000,0x000000076ab00000,0x000000076eb00000)
  from space 10752K, 99% used [0x000000076f580000,0x000000076fffdb48,0x0000000770000000)
  to   space 10752K, 0% used [0x000000076eb00000,0x000000076eb00000,0x000000076f580000)
 ParOldGen       total 175104K, used 1949K [0x00000006c0000000, 0x00000006cab00000, 0x000000076ab00000)
  object space 175104K, 1% used [0x00000006c0000000,0x00000006c01e7490,0x00000006cab00000)
 Metaspace       used 20592K, capacity 21202K, committed 21248K, reserved 1067008K
  class space    used 2893K, capacity 3061K, committed 3072K, reserved 1048576K
Event: 1.356 GC heap after
Heap after GC invocations=3 (full 1):
 PSYoungGen      total 76288K, used 0K [0x000000076ab00000, 0x0000000774000000, 0x00000007c0000000)
  eden space 65536K, 0% used [0x000000076ab00000,0x000000076ab00000,0x000000076eb00000)
  from space 10752K, 0% used [0x000000076f580000,0x000000076f580000,0x0000000770000000)
  to   space 10752K, 0% used [0x000000076eb00000,0x000000076eb00000,0x000000076f580000)
 ParOldGen       total 99328K, used 11653K [0x00000006c0000000, 0x00000006c6100000, 0x000000076ab00000)
  object space 99328K, 11% used [0x00000006c0000000,0x00000006c0b617b0,0x00000006c6100000)
 Metaspace       used 20590K, capacity 21200K, committed 21248K, reserved 1067008K
  class space    used 2892K, capacity 3060K, committed 3072K, reserved 1048576K
}
Event: 3.368 GC heap before
{Heap before GC invocations=4 (full 1):
 PSYoungGen      total 76288K, used 65536K [0x000000076ab00000, 0x0000000774000000, 0x00000007c0000000)
  eden space 65536K, 100% used [0x000000076ab00000,0x000000076eb00000,0x000000076eb00000)
  from space 10752K, 0% used [0x000000076f580000,0x000000076f580000,0x0000000770000000)
  to   space 10752K, 0% used [0x000000076eb00000,0x000000076eb00000,0x000000076f580000)
 ParOldGen       total 99328K, used 11653K [0x00000006c0000000, 0x00000006c6100000, 0x000000076ab00000)
  object space 99328K, 11% used [0x00000006c0000000,0x00000006c0b617b0,0x00000006c6100000)
 Metaspace       used 25455K, capacity 26774K, committed 27008K, reserved 1073152K
  class space    used 3633K, capacity 3873K, committed 3968K, reserved 1048576K
Event: 3.385 GC heap after
Heap after GC invocations=4 (full 1):
 PSYoungGen      total 76288K, used 10738K [0x000000076ab00000, 0x0000000772780000, 0x00000007c0000000)
  eden space 65536K, 0% used [0x000000076ab00000,0x000000076ab00000,0x000000076eb00000)
  from space 10752K, 99% used [0x000000076eb00000,0x000000076f57caf0,0x000000076f580000)
  to   space 10752K, 0% used [0x0000000771d00000,0x0000000771d00000,0x0000000772780000)
 ParOldGen       total 99328K, used 21733K [0x00000006c0000000, 0x00000006c6100000, 0x000000076ab00000)
  object space 99328K, 21% used [0x00000006c0000000,0x00000006c15395d0,0x00000006c6100000)
 Metaspace       used 25455K, capacity 26774K, committed 27008K, reserved 1073152K
  class space    used 3633K, capacity 3873K, committed 3968K, reserved 1048576K
}
Event: 3.814 GC heap before
{Heap before GC invocations=5 (full 1):
 PSYoungGen      total 76288K, used 76274K [0x000000076ab00000, 0x0000000772780000, 0x00000007c0000000)
  eden space 65536K, 100% used [0x000000076ab00000,0x000000076eb00000,0x000000076eb00000)
  from space 10752K, 99% used [0x000000076eb00000,0x000000076f57caf0,0x000000076f580000)
  to   space 10752K, 0% used [0x0000000771d00000,0x0000000771d00000,0x0000000772780000)
 ParOldGen       total 99328K, used 21733K [0x00000006c0000000, 0x00000006c6100000, 0x000000076ab00000)
  object space 99328K, 21% used [0x00000006c0000000,0x00000006c15395d0,0x00000006c6100000)
 Metaspace       used 25789K, capacity 27204K, committed 27264K, reserved 1073152K
  class space    used 3656K, capacity 3918K, committed 3968K, reserved 1048576K
Event: 3.841 GC heap after
Heap after GC invocations=5 (full 1):
 PSYoungGen      total 116736K, used 10720K [0x000000076ab00000, 0x0000000772900000, 0x00000007c0000000)
  eden space 105984K, 0% used [0x000000076ab00000,0x000000076ab00000,0x0000000771280000)
  from space 10752K, 99% used [0x0000000771d00000,0x0000000772778060,0x0000000772780000)
  to   space 10752K, 0% used [0x0000000771280000,0x0000000771280000,0x0000000771d00000)
 ParOldGen       total 99328K, used 43732K [0x00000006c0000000, 0x00000006c6100000, 0x000000076ab00000)
  object space 99328K, 44% used [0x00000006c0000000,0x00000006c2ab51c0,0x00000006c6100000)
 Metaspace       used 25789K, capacity 27204K, committed 27264K, reserved 1073152K
  class space    used 3656K, capacity 3918K, committed 3968K, reserved 1048576K
}

