# JRE version: Java(TM) SE Runtime Environment (8.0_25-b17) (build 1.8.0_25-b17)
# Java VM: Java HotSpot(TM) 64-Bit Server VM (25.25-b02 mixed mode bsd-amd64 compressed oops)
Heap:
 PSYoungGen      total 243712K, used 162136K [0x000000076ab00000, 0x0000000784700000, 0x00000007c0000000)
  eden space 152576K, 46% used [0x000000076ab00000,0x000000076f05a460,0x0000000774000000)
  from space 91136K, 99% used [0x000000077b300000,0x0000000780bfbf48,0x0000000780c00000)
  to   space 117760K, 0% used [0x0000000774000000,0x0000000774000000,0x000000077b300000)
 ParOldGen       total 321024K, used 175934K [0x00000006c0000000, 0x00000006d3980000, 0x000000076ab00000)
  object space 321024K, 54% used [0x00000006c0000000,0x00000006cabcfb00,0x00000006d3980000)
 Metaspace       used 25346K, capacity 27016K, committed 27264K, reserved 1073152K
  class space    used 3631K, capacity 3904K, committed 3968K, reserved 1048576K
GC Heap History (10 events):
Event: 3.560 GC heap before
{Heap before GC invocations=6 (full 2):
 PSYoungGen      total 103936K, used 10744K [0x000000076ab00000, 0x0000000772e80000, 0x00000007c0000000)
  eden space 93184K, 0% used [0x000000076ab00000,0x000000076ab00000,0x0000000770600000)
  from space 10752K, 99% used [0x0000000771080000,0x0000000771afe338,0x0000000771b00000)
  to   space 10752K, 0% used [0x0000000770600000,0x0000000770600000,0x0000000771080000)
 ParOldGen       total 119808K, used 83584K [0x00000006c0000000, 0x00000006c7500000, 0x000000076ab00000)
  object space 119808K, 69% used [0x00000006c0000000,0x00000006c51a0280,0x00000006c7500000)
 Metaspace       used 22031K, capacity 23142K, committed 23424K, reserved 1069056K
  class space    used 3216K, capacity 3419K, committed 3456K, reserved 1048576K
Event: 4.324 GC heap after
Heap after GC invocations=6 (full 2):
 PSYoungGen      total 103936K, used 0K [0x000000076ab00000, 0x0000000772e80000, 0x00000007c0000000)
  eden space 93184K, 0% used [0x000000076ab00000,0x000000076ab00000,0x0000000770600000)
  from space 10752K, 0% used [0x0000000771080000,0x0000000771080000,0x0000000771b00000)
  to   space 10752K, 0% used [0x0000000770600000,0x0000000770600000,0x0000000771080000)
 ParOldGen       total 321024K, used 93510K [0x00000006c0000000, 0x00000006d3980000, 0x000000076ab00000)
  object space 321024K, 29% used [0x00000006c0000000,0x00000006c5b51b00,0x00000006d3980000)
 Metaspace       used 22031K, capacity 23142K, committed 23424K, reserved 1069056K
  class space    used 3216K, capacity 3419K, committed 3456K, reserved 1048576K
}
Event: 4.395 GC heap before
{Heap before GC invocations=7 (full 2):
 PSYoungGen      total 103936K, used 93184K [0x000000076ab00000, 0x0000000772e80000, 0x00000007c0000000)
  eden space 93184K, 100% used [0x000000076ab00000,0x0000000770600000,0x0000000770600000)
  from space 10752K, 0% used [0x0000000771080000,0x0000000771080000,0x0000000771b00000)
  to   space 10752K, 0% used [0x0000000770600000,0x0000000770600000,0x0000000771080000)
 ParOldGen       total 321024K, used 93510K [0x00000006c0000000, 0x00000006d3980000, 0x000000076ab00000)
  object space 321024K, 29% used [0x00000006c0000000,0x00000006c5b51b00,0x00000006d3980000)
 Metaspace       used 22031K, capacity 23142K, committed 23424K, reserved 1069056K
  class space    used 3216K, capacity 3419K, committed 3456K, reserved 1048576K
Event: 4.426 GC heap after
Heap after GC invocations=7 (full 2):
 PSYoungGen      total 103936K, used 10748K [0x000000076ab00000, 0x0000000779080000, 0x00000007c0000000)
  eden space 93184K, 0% used [0x000000076ab00000,0x000000076ab00000,0x0000000770600000)
  from space 10752K, 99% used [0x0000000770600000,0x000000077107f1f0,0x0000000771080000)
  to   space 58368K, 0% used [0x0000000775780000,0x0000000775780000,0x0000000779080000)
 ParOldGen       total 321024K, used 120486K [0x00000006c0000000, 0x00000006d3980000, 0x000000076ab00000)
  object space 321024K, 37% used [0x00000006c0000000,0x00000006c75a9b00,0x00000006d3980000)
 Metaspace       used 22031K, capacity 23142K, committed 23424K, reserved 1069056K
  class space    used 3216K, capacity 3419K, committed 3456K, reserved 1048576K
}
Event: 4.504 GC heap before
{Heap before GC invocations=8 (full 2):
 PSYoungGen      total 103936K, used 103932K [0x000000076ab00000, 0x0000000779080000, 0x00000007c0000000)
  eden space 93184K, 100% used [0x000000076ab00000,0x0000000770600000,0x0000000770600000)
  from space 10752K, 99% used [0x0000000770600000,0x000000077107f1f0,0x0000000771080000)
  to   space 58368K, 0% used [0x0000000775780000,0x0000000775780000,0x0000000779080000)
 ParOldGen       total 321024K, used 120486K [0x00000006c0000000, 0x00000006d3980000, 0x000000076ab00000)
  object space 321024K, 37% used [0x00000006c0000000,0x00000006c75a9b00,0x00000006d3980000)
 Metaspace       used 22034K, capacity 23142K, committed 23424K, reserved 1069056K
  class space    used 3217K, capacity 3419K, committed 3456K, reserved 1048576K
Event: 4.541 GC heap after
Heap after GC invocations=8 (full 2):
 PSYoungGen      total 169984K, used 50303K [0x000000076ab00000, 0x000000077ac80000, 0x00000007c0000000)
  eden space 111616K, 0% used [0x000000076ab00000,0x000000076ab00000,0x0000000771800000)
  from space 58368K, 86% used [0x0000000775780000,0x000000077889fd88,0x0000000779080000)
  to   space 65024K, 0% used [0x0000000771800000,0x0000000771800000,0x0000000775780000)
 ParOldGen       total 321024K, used 120486K [0x00000006c0000000, 0x00000006d3980000, 0x000000076ab00000)
  object space 321024K, 37% used [0x00000006c0000000,0x00000006c75a9b00,0x00000006d3980000)
 Metaspace       used 22034K, capacity 23142K, committed 23424K, reserved 1069056K
  class space    used 3217K, capacity 3419K, committed 3456K, reserved 1048576K
}
Event: 4.583 GC heap before
{Heap before GC invocations=9 (full 2):
 PSYoungGen      total 169984K, used 161919K [0x000000076ab00000, 0x000000077ac80000, 0x00000007c0000000)
  eden space 111616K, 100% used [0x000000076ab00000,0x0000000771800000,0x0000000771800000)
  from space 58368K, 86% used [0x0000000775780000,0x000000077889fd88,0x0000000779080000)
  to   space 65024K, 0% used [0x0000000771800000,0x0000000771800000,0x0000000775780000)
 ParOldGen       total 321024K, used 120486K [0x00000006c0000000, 0x00000006d3980000, 0x000000076ab00000)
  object space 321024K, 37% used [0x00000006c0000000,0x00000006c75a9b00,0x00000006d3980000)
 Metaspace       used 22034K, capacity 23142K, committed 23424K, reserved 1069056K
  class space    used 3217K, capacity 3419K, committed 3456K, reserved 1048576K
Event: 4.650 GC heap after
Heap after GC invocations=9 (full 2):
 PSYoungGen      total 176640K, used 65021K [0x000000076ab00000, 0x0000000780c00000, 0x00000007c0000000)
  eden space 111616K, 0% used [0x000000076ab00000,0x000000076ab00000,0x0000000771800000)
  from space 65024K, 99% used [0x0000000771800000,0x000000077577f578,0x0000000775780000)
  to   space 91136K, 0% used [0x000000077b300000,0x000000077b300000,0x0000000780c00000)
 ParOldGen       total 321024K, used 150534K [0x00000006c0000000, 0x00000006d3980000, 0x000000076ab00000)
  object space 321024K, 46% used [0x00000006c0000000,0x00000006c9301b00,0x00000006d3980000)
 Metaspace       used 22034K, capacity 23142K, committed 23424K, reserved 1069056K
  class space    used 3217K, capacity 3419K, committed 3456K, reserved 1048576K
}
Event: 4.711 GC heap before
{Heap before GC invocations=10 (full 2):
 PSYoungGen      total 176640K, used 176637K [0x000000076ab00000, 0x0000000780c00000, 0x00000007c0000000)
  eden space 111616K, 100% used [0x000000076ab00000,0x0000000771800000,0x0000000771800000)
  from space 65024K, 99% used [0x0000000771800000,0x000000077577f578,0x0000000775780000)
  to   space 91136K, 0% used [0x000000077b300000,0x000000077b300000,0x0000000780c00000)
 ParOldGen       total 321024K, used 150534K [0x00000006c0000000, 0x00000006d3980000, 0x000000076ab00000)
  object space 321024K, 46% used [0x00000006c0000000,0x00000006c9301b00,0x00000006d3980000)
 Metaspace       used 22040K, capacity 23146K, committed 23424K, reserved 1069056K
  class space    used 3217K, capacity 3419K, committed 3456K, reserved 1048576K
Event: 4.788 GC heap after
Heap after GC invocations=10 (full 2):
 PSYoungGen      total 243712K, used 91119K [0x000000076ab00000, 0x0000000784700000, 0x00000007c0000000)
  eden space 152576K, 0% used [0x000000076ab00000,0x000000076ab00000,0x0000000774000000)
  from space 91136K, 99% used [0x000000077b300000,0x0000000780bfbf48,0x0000000780c00000)
  to   space 117760K, 0% used [0x0000000774000000,0x0000000774000000,0x000000077b300000)
 ParOldGen       total 321024K, used 175934K [0x00000006c0000000, 0x00000006d3980000, 0x000000076ab00000)
  object space 321024K, 54% used [0x00000006c0000000,0x00000006cabcfb00,0x00000006d3980000)
 Metaspace       used 22040K, capacity 23146K, committed 23424K, reserved 1069056K
  class space    used 3217K, capacity 3419K, committed 3456K, reserved 1048576K
}

