# JRE version: Java(TM) SE Runtime Environment (8.0_25-b17) (build 1.8.0_25-b17)
# Java VM: Java HotSpot(TM) 64-Bit Server VM (25.25-b02 mixed mode bsd-amd64 compressed oops)
Heap:
 PSYoungGen      total 300032K, used 174518K [0x000000076ab00000, 0x0000000788c80000, 0x00000007c0000000)
  eden space 189440K, 33% used [0x000000076ab00000,0x000000076e9737b8,0x0000000776400000)
  from space 110592K, 99% used [0x000000077ed80000,0x000000078597a078,0x0000000785980000)
  to   space 140800K, 0% used [0x0000000776400000,0x0000000776400000,0x000000077ed80000)
 ParOldGen       total 296448K, used 188863K [0x00000006c0000000, 0x00000006d2180000, 0x000000076ab00000)
  object space 296448K, 63% used [0x00000006c0000000,0x00000006cb86feb8,0x00000006d2180000)
 Metaspace       used 27707K, capacity 29214K, committed 29440K, reserved 1075200K
  class space    used 3783K, capacity 4047K, committed 4096K, reserved 1048576K
GC Heap History (10 events):
Event: 3.571 GC heap before
{Heap before GC invocations=6 (full 2):
 PSYoungGen      total 110080K, used 10728K [0x000000076ab00000, 0x0000000772e00000, 0x00000007c0000000)
  eden space 99328K, 0% used [0x000000076ab00000,0x000000076ab00000,0x0000000770c00000)
  from space 10752K, 99% used [0x0000000771680000,0x00000007720fa278,0x0000000772100000)
  to   space 10752K, 0% used [0x0000000770c00000,0x0000000770c00000,0x0000000771680000)
 ParOldGen       total 107008K, used 80616K [0x00000006c0000000, 0x00000006c6880000, 0x000000076ab00000)
  object space 107008K, 75% used [0x00000006c0000000,0x00000006c4eba230,0x00000006c6880000)
 Metaspace       used 24673K, capacity 25808K, committed 26112K, reserved 1071104K
  class space    used 3534K, capacity 3750K, committed 3840K, reserved 1048576K
Event: 4.108 GC heap after
Heap after GC invocations=6 (full 2):
 PSYoungGen      total 110080K, used 0K [0x000000076ab00000, 0x0000000772e00000, 0x00000007c0000000)
  eden space 99328K, 0% used [0x000000076ab00000,0x000000076ab00000,0x0000000770c00000)
  from space 10752K, 0% used [0x0000000771680000,0x0000000771680000,0x0000000772100000)
  to   space 10752K, 0% used [0x0000000770c00000,0x0000000770c00000,0x0000000771680000)
 ParOldGen       total 296448K, used 90023K [0x00000006c0000000, 0x00000006d2180000, 0x000000076ab00000)
  object space 296448K, 30% used [0x00000006c0000000,0x00000006c57e9d00,0x00000006d2180000)
 Metaspace       used 24673K, capacity 25808K, committed 26112K, reserved 1071104K
  class space    used 3534K, capacity 3750K, committed 3840K, reserved 1048576K
}
Event: 4.309 GC heap before
{Heap before GC invocations=7 (full 2):
 PSYoungGen      total 110080K, used 99328K [0x000000076ab00000, 0x0000000772e00000, 0x00000007c0000000)
  eden space 99328K, 100% used [0x000000076ab00000,0x0000000770c00000,0x0000000770c00000)
  from space 10752K, 0% used [0x0000000771680000,0x0000000771680000,0x0000000772100000)
  to   space 10752K, 0% used [0x0000000770c00000,0x0000000770c00000,0x0000000771680000)
 ParOldGen       total 296448K, used 90023K [0x00000006c0000000, 0x00000006d2180000, 0x000000076ab00000)
  object space 296448K, 30% used [0x00000006c0000000,0x00000006c57e9d00,0x00000006d2180000)
 Metaspace       used 24673K, capacity 25808K, committed 26112K, reserved 1071104K
  class space    used 3534K, capacity 3750K, committed 3840K, reserved 1048576K
Event: 4.360 GC heap after
Heap after GC invocations=7 (full 2):
 PSYoungGen      total 110080K, used 10748K [0x000000076ab00000, 0x000000077c680000, 0x00000007c0000000)
  eden space 99328K, 0% used [0x000000076ab00000,0x000000076ab00000,0x0000000770c00000)
  from space 10752K, 99% used [0x0000000770c00000,0x000000077167f1f0,0x0000000771680000)
  to   space 77824K, 0% used [0x0000000777a80000,0x0000000777a80000,0x000000077c680000)
 ParOldGen       total 296448K, used 141111K [0x00000006c0000000, 0x00000006d2180000, 0x000000076ab00000)
  object space 296448K, 47% used [0x00000006c0000000,0x00000006c89cdd00,0x00000006d2180000)
 Metaspace       used 24673K, capacity 25808K, committed 26112K, reserved 1071104K
  class space    used 3534K, capacity 3750K, committed 3840K, reserved 1048576K
}
Event: 4.410 GC heap before
{Heap before GC invocations=8 (full 2):
 PSYoungGen      total 110080K, used 110076K [0x000000076ab00000, 0x000000077c680000, 0x00000007c0000000)
  eden space 99328K, 100% used [0x000000076ab00000,0x0000000770c00000,0x0000000770c00000)
  from space 10752K, 99% used [0x0000000770c00000,0x000000077167f1f0,0x0000000771680000)
  to   space 77824K, 0% used [0x0000000777a80000,0x0000000777a80000,0x000000077c680000)
 ParOldGen       total 296448K, used 141111K [0x00000006c0000000, 0x00000006d2180000, 0x000000076ab00000)
  object space 296448K, 47% used [0x00000006c0000000,0x00000006c89cdd00,0x00000006d2180000)
 Metaspace       used 24673K, capacity 25808K, committed 26112K, reserved 1071104K
  class space    used 3534K, capacity 3750K, committed 3840K, reserved 1048576K
Event: 4.447 GC heap after
Heap after GC invocations=8 (full 2):
 PSYoungGen      total 207872K, used 54767K [0x000000076ab00000, 0x000000077e580000, 0x00000007c0000000)
  eden space 130048K, 0% used [0x000000076ab00000,0x000000076ab00000,0x0000000772a00000)
  from space 77824K, 70% used [0x0000000777a80000,0x000000077affbd88,0x000000077c680000)
  to   space 82432K, 0% used [0x0000000772a00000,0x0000000772a00000,0x0000000777a80000)
 ParOldGen       total 296448K, used 141119K [0x00000006c0000000, 0x00000006d2180000, 0x000000076ab00000)
  object space 296448K, 47% used [0x00000006c0000000,0x00000006c89cfd00,0x00000006d2180000)
 Metaspace       used 24673K, capacity 25808K, committed 26112K, reserved 1071104K
  class space    used 3534K, capacity 3750K, committed 3840K, reserved 1048576K
}
Event: 4.510 GC heap before
{Heap before GC invocations=9 (full 2):
 PSYoungGen      total 207872K, used 184815K [0x000000076ab00000, 0x000000077e580000, 0x00000007c0000000)
  eden space 130048K, 100% used [0x000000076ab00000,0x0000000772a00000,0x0000000772a00000)
  from space 77824K, 70% used [0x0000000777a80000,0x000000077affbd88,0x000000077c680000)
  to   space 82432K, 0% used [0x0000000772a00000,0x0000000772a00000,0x0000000777a80000)
 ParOldGen       total 296448K, used 141119K [0x00000006c0000000, 0x00000006d2180000, 0x000000076ab00000)
  object space 296448K, 47% used [0x00000006c0000000,0x00000006c89cfd00,0x00000006d2180000)
 Metaspace       used 24673K, capacity 25808K, committed 26112K, reserved 1071104K
  class space    used 3534K, capacity 3750K, committed 3840K, reserved 1048576K
Event: 4.578 GC heap after
Heap after GC invocations=9 (full 2):
 PSYoungGen      total 212480K, used 82428K [0x000000076ab00000, 0x0000000785980000, 0x00000007c0000000)
  eden space 130048K, 0% used [0x000000076ab00000,0x000000076ab00000,0x0000000772a00000)
  from space 82432K, 99% used [0x0000000772a00000,0x0000000777a7f168,0x0000000777a80000)
  to   space 110592K, 0% used [0x000000077ed80000,0x000000077ed80000,0x0000000785980000)
 ParOldGen       total 296448K, used 165543K [0x00000006c0000000, 0x00000006d2180000, 0x000000076ab00000)
  object space 296448K, 55% used [0x00000006c0000000,0x00000006ca1a9d00,0x00000006d2180000)
 Metaspace       used 24673K, capacity 25808K, committed 26112K, reserved 1071104K
  class space    used 3534K, capacity 3750K, committed 3840K, reserved 1048576K
}
Event: 126.114 GC heap before
{Heap before GC invocations=10 (full 2):
 PSYoungGen      total 212480K, used 212476K [0x000000076ab00000, 0x0000000785980000, 0x00000007c0000000)
  eden space 130048K, 100% used [0x000000076ab00000,0x0000000772a00000,0x0000000772a00000)
  from space 82432K, 99% used [0x0000000772a00000,0x0000000777a7f168,0x0000000777a80000)
  to   space 110592K, 0% used [0x000000077ed80000,0x000000077ed80000,0x0000000785980000)
 ParOldGen       total 296448K, used 165543K [0x00000006c0000000, 0x00000006d2180000, 0x000000076ab00000)
  object space 296448K, 55% used [0x00000006c0000000,0x00000006ca1a9d00,0x00000006d2180000)
 Metaspace       used 26765K, capacity 28198K, committed 28416K, reserved 1073152K
  class space    used 3740K, capacity 3999K, committed 4096K, reserved 1048576K
Event: 126.201 GC heap after
Heap after GC invocations=10 (full 2):
 PSYoungGen      total 300032K, used 110568K [0x000000076ab00000, 0x0000000788c80000, 0x00000007c0000000)
  eden space 189440K, 0% used [0x000000076ab00000,0x000000076ab00000,0x0000000776400000)
  from space 110592K, 99% used [0x000000077ed80000,0x000000078597a078,0x0000000785980000)
  to   space 140800K, 0% used [0x0000000776400000,0x0000000776400000,0x000000077ed80000)
 ParOldGen       total 296448K, used 188863K [0x00000006c0000000, 0x00000006d2180000, 0x000000076ab00000)
  object space 296448K, 63% used [0x00000006c0000000,0x00000006cb86feb8,0x00000006d2180000)
 Metaspace       used 26765K, capacity 28198K, committed 28416K, reserved 1073152K
  class space    used 3740K, capacity 3999K, committed 4096K, reserved 1048576K
}

