# JRE version: Java(TM) SE Runtime Environment (8.0_25-b17) (build 1.8.0_25-b17)
# Java VM: Java HotSpot(TM) 64-Bit Server VM (25.25-b02 mixed mode bsd-amd64 compressed oops)
Heap:
 PSYoungGen      total 545280K, used 353708K [0x000000076ab00000, 0x00000007a4f80000, 0x00000007c0000000)
  eden space 248832K, 27% used [0x000000076ab00000,0x000000076ee74210,0x0000000779e00000)
  from space 296448K, 96% used [0x000000078e600000,0x000000079fbf6e48,0x00000007a0780000)
  to   space 335872K, 0% used [0x0000000779e00000,0x0000000779e00000,0x000000078e600000)
 ParOldGen       total 1632768K, used 1051366K [0x00000006c0000000, 0x0000000723a80000, 0x000000076ab00000)
  object space 1632768K, 64% used [0x00000006c0000000,0x00000007002b9978,0x0000000723a80000)
 Metaspace       used 25622K, capacity 27254K, committed 27520K, reserved 1073152K
  class space    used 3604K, capacity 3897K, committed 3968K, reserved 1048576K
GC Heap History (10 events):
Event: 79.835 GC heap before
{Heap before GC invocations=19 (full 4):
 PSYoungGen      total 487936K, used 487904K [0x000000076ab00000, 0x00000007a1c00000, 0x00000007c0000000)
  eden space 220672K, 100% used [0x000000076ab00000,0x0000000778280000,0x0000000778280000)
  from space 267264K, 99% used [0x000000078ba80000,0x000000079bf78010,0x000000079bf80000)
  to   space 319488K, 0% used [0x0000000778280000,0x0000000778280000,0x000000078ba80000)
 ParOldGen       total 1051648K, used 640519K [0x00000006c0000000, 0x0000000700300000, 0x000000076ab00000)
  object space 1051648K, 60% used [0x00000006c0000000,0x00000006e7181fe8,0x0000000700300000)
 Metaspace       used 25533K, capacity 27190K, committed 27264K, reserved 1073152K
  class space    used 3601K, capacity 3897K, committed 3968K, reserved 1048576K
Event: 80.059 GC heap after
Heap after GC invocations=19 (full 4):
 PSYoungGen      total 540160K, used 177088K [0x000000076ab00000, 0x00000007a1e00000, 0x00000007c0000000)
  eden space 220672K, 0% used [0x000000076ab00000,0x000000076ab00000,0x0000000778280000)
  from space 319488K, 55% used [0x0000000778280000,0x0000000782f70010,0x000000078ba80000)
  to   space 319488K, 0% used [0x000000078e600000,0x000000078e600000,0x00000007a1e00000)
 ParOldGen       total 1051648K, used 907751K [0x00000006c0000000, 0x0000000700300000, 0x000000076ab00000)
  object space 1051648K, 86% used [0x00000006c0000000,0x00000006f7679fe8,0x0000000700300000)
 Metaspace       used 25533K, capacity 27190K, committed 27264K, reserved 1073152K
  class space    used 3601K, capacity 3897K, committed 3968K, reserved 1048576K
}
Event: 80.059 GC heap before
{Heap before GC invocations=20 (full 5):
 PSYoungGen      total 540160K, used 177088K [0x000000076ab00000, 0x00000007a1e00000, 0x00000007c0000000)
  eden space 220672K, 0% used [0x000000076ab00000,0x000000076ab00000,0x0000000778280000)
  from space 319488K, 55% used [0x0000000778280000,0x0000000782f70010,0x000000078ba80000)
  to   space 319488K, 0% used [0x000000078e600000,0x000000078e600000,0x00000007a1e00000)
 ParOldGen       total 1051648K, used 907751K [0x00000006c0000000, 0x0000000700300000, 0x000000076ab00000)
  object space 1051648K, 86% used [0x00000006c0000000,0x00000006f7679fe8,0x0000000700300000)
 Metaspace       used 25533K, capacity 27190K, committed 27264K, reserved 1073152K
  class space    used 3601K, capacity 3897K, committed 3968K, reserved 1048576K
Event: 82.492 GC heap after
Heap after GC invocations=20 (full 5):
 PSYoungGen      total 540160K, used 31026K [0x000000076ab00000, 0x00000007a1e00000, 0x00000007c0000000)
  eden space 220672K, 0% used [0x000000076ab00000,0x000000076ab00000,0x0000000778280000)
  from space 319488K, 9% used [0x0000000778280000,0x000000077a0ccbb0,0x000000078ba80000)
  to   space 319488K, 0% used [0x000000078e600000,0x000000078e600000,0x00000007a1e00000)
 ParOldGen       total 1632768K, used 1051358K [0x00000006c0000000, 0x0000000723a80000, 0x000000076ab00000)
  object space 1632768K, 64% used [0x00000006c0000000,0x00000007002b7978,0x0000000723a80000)
 Metaspace       used 25533K, capacity 27190K, committed 27264K, reserved 1073152K
  class space    used 3601K, capacity 3897K, committed 3968K, reserved 1048576K
}
Event: 106.290 GC heap before
{Heap before GC invocations=21 (full 5):
 PSYoungGen      total 540160K, used 251698K [0x000000076ab00000, 0x00000007a1e00000, 0x00000007c0000000)
  eden space 220672K, 100% used [0x000000076ab00000,0x0000000778280000,0x0000000778280000)
  from space 319488K, 9% used [0x0000000778280000,0x000000077a0ccbb0,0x000000078ba80000)
  to   space 319488K, 0% used [0x000000078e600000,0x000000078e600000,0x00000007a1e00000)
 ParOldGen       total 1632768K, used 1051358K [0x00000006c0000000, 0x0000000723a80000, 0x000000076ab00000)
  object space 1632768K, 64% used [0x00000006c0000000,0x00000007002b7978,0x0000000723a80000)
 Metaspace       used 25557K, capacity 27190K, committed 27264K, reserved 1073152K
  class space    used 3603K, capacity 3897K, committed 3968K, reserved 1048576K
Event: 106.479 GC heap after
Heap after GC invocations=21 (full 5):
 PSYoungGen      total 540672K, used 127314K [0x000000076ab00000, 0x000000079f680000, 0x00000007c0000000)
  eden space 261632K, 0% used [0x000000076ab00000,0x000000076ab00000,0x000000077aa80000)
  from space 279040K, 45% used [0x000000078e600000,0x0000000796254b40,0x000000079f680000)
  to   space 301056K, 0% used [0x000000077aa80000,0x000000077aa80000,0x000000078d080000)
 ParOldGen       total 1632768K, used 1051358K [0x00000006c0000000, 0x0000000723a80000, 0x000000076ab00000)
  object space 1632768K, 64% used [0x00000006c0000000,0x00000007002b7978,0x0000000723a80000)
 Metaspace       used 25557K, capacity 27190K, committed 27264K, reserved 1073152K
  class space    used 3603K, capacity 3897K, committed 3968K, reserved 1048576K
}
Event: 173.269 GC heap before
{Heap before GC invocations=22 (full 5):
 PSYoungGen      total 540672K, used 388946K [0x000000076ab00000, 0x000000079f680000, 0x00000007c0000000)
  eden space 261632K, 100% used [0x000000076ab00000,0x000000077aa80000,0x000000077aa80000)
  from space 279040K, 45% used [0x000000078e600000,0x0000000796254b40,0x000000079f680000)
  to   space 301056K, 0% used [0x000000077aa80000,0x000000077aa80000,0x000000078d080000)
 ParOldGen       total 1632768K, used 1051358K [0x00000006c0000000, 0x0000000723a80000, 0x000000076ab00000)
  object space 1632768K, 64% used [0x00000006c0000000,0x00000007002b7978,0x0000000723a80000)
 Metaspace       used 25573K, capacity 27190K, committed 27264K, reserved 1073152K
  class space    used 3603K, capacity 3897K, committed 3968K, reserved 1048576K
Event: 173.352 GC heap after
Heap after GC invocations=22 (full 5):
 PSYoungGen      total 562688K, used 162698K [0x000000076ab00000, 0x00000007a0780000, 0x00000007c0000000)
  eden space 261632K, 0% used [0x000000076ab00000,0x000000076ab00000,0x000000077aa80000)
  from space 301056K, 54% used [0x000000077aa80000,0x0000000784962960,0x000000078d080000)
  to   space 296448K, 0% used [0x000000078e600000,0x000000078e600000,0x00000007a0780000)
 ParOldGen       total 1632768K, used 1051366K [0x00000006c0000000, 0x0000000723a80000, 0x000000076ab00000)
  object space 1632768K, 64% used [0x00000006c0000000,0x00000007002b9978,0x0000000723a80000)
 Metaspace       used 25573K, capacity 27190K, committed 27264K, reserved 1073152K
  class space    used 3603K, capacity 3897K, committed 3968K, reserved 1048576K
}
Event: 253.995 GC heap before
{Heap before GC invocations=23 (full 5):
 PSYoungGen      total 562688K, used 424330K [0x000000076ab00000, 0x00000007a0780000, 0x00000007c0000000)
  eden space 261632K, 100% used [0x000000076ab00000,0x000000077aa80000,0x000000077aa80000)
  from space 301056K, 54% used [0x000000077aa80000,0x0000000784962960,0x000000078d080000)
  to   space 296448K, 0% used [0x000000078e600000,0x000000078e600000,0x00000007a0780000)
 ParOldGen       total 1632768K, used 1051366K [0x00000006c0000000, 0x0000000723a80000, 0x000000076ab00000)
  object space 1632768K, 64% used [0x00000006c0000000,0x00000007002b9978,0x0000000723a80000)
 Metaspace       used 25612K, capacity 27254K, committed 27520K, reserved 1073152K
  class space    used 3604K, capacity 3897K, committed 3968K, reserved 1048576K
Event: 254.157 GC heap after
Heap after GC invocations=23 (full 5):
 PSYoungGen      total 545280K, used 284635K [0x000000076ab00000, 0x00000007a4f80000, 0x00000007c0000000)
  eden space 248832K, 0% used [0x000000076ab00000,0x000000076ab00000,0x0000000779e00000)
  from space 296448K, 96% used [0x000000078e600000,0x000000079fbf6e48,0x00000007a0780000)
  to   space 335872K, 0% used [0x0000000779e00000,0x0000000779e00000,0x000000078e600000)
 ParOldGen       total 1632768K, used 1051366K [0x00000006c0000000, 0x0000000723a80000, 0x000000076ab00000)
  object space 1632768K, 64% used [0x00000006c0000000,0x00000007002b9978,0x0000000723a80000)
 Metaspace       used 25612K, capacity 27254K, committed 27520K, reserved 1073152K
  class space    used 3604K, capacity 3897K, committed 3968K, reserved 1048576K
}

