# JRE version: Java(TM) SE Runtime Environment (8.0_25-b17) (build 1.8.0_25-b17)
# Java VM: Java HotSpot(TM) 64-Bit Server VM (25.25-b02 mixed mode bsd-amd64 compressed oops)
Heap:
 PSYoungGen      total 117248K, used 94465K [0x000000076ab00000, 0x0000000772a80000, 0x00000007c0000000)
  eden space 106496K, 78% used [0x000000076ab00000,0x000000076fcc3cd0,0x0000000771300000)
  from space 10752K, 99% used [0x0000000771d80000,0x00000007727fcb00,0x0000000772800000)
  to   space 10752K, 0% used [0x0000000771300000,0x0000000771300000,0x0000000771d80000)
 ParOldGen       total 97792K, used 43638K [0x00000006c0000000, 0x00000006c5f80000, 0x000000076ab00000)
  object space 97792K, 44% used [0x00000006c0000000,0x00000006c2a9db48,0x00000006c5f80000)
 Metaspace       used 26443K, capacity 27778K, committed 28032K, reserved 1073152K
  class space    used 3664K, capacity 3917K, committed 3968K, reserved 1048576K
GC Heap History (10 events):
Event: 1.234 GC heap before
{Heap before GC invocations=1 (full 0):
 PSYoungGen      total 76288K, used 65536K [0x000000076ab00000, 0x0000000770000000, 0x00000007c0000000)
  eden space 65536K, 100% used [0x000000076ab00000,0x000000076eb00000,0x000000076eb00000)
  from space 10752K, 0% used [0x000000076f580000,0x000000076f580000,0x0000000770000000)
  to   space 10752K, 0% used [0x000000076eb00000,0x000000076eb00000,0x000000076f580000)
 ParOldGen       total 175104K, used 0K [0x00000006c0000000, 0x00000006cab00000, 0x000000076ab00000)
  object space 175104K, 0% used [0x00000006c0000000,0x00000006c0000000,0x00000006cab00000)
 Metaspace       used 18977K, capacity 19620K, committed 19840K, reserved 1067008K
  class space    used 2706K, capacity 2862K, committed 2944K, reserved 1048576K
Event: 1.243 GC heap after
Heap after GC invocations=1 (full 0):
 PSYoungGen      total 76288K, used 10742K [0x000000076ab00000, 0x0000000770000000, 0x00000007c0000000)
  eden space 65536K, 0% used [0x000000076ab00000,0x000000076ab00000,0x000000076eb00000)
  from space 10752K, 99% used [0x000000076eb00000,0x000000076f57db18,0x000000076f580000)
  to   space 10752K, 0% used [0x000000076f580000,0x000000076f580000,0x0000000770000000)
 ParOldGen       total 175104K, used 1195K [0x00000006c0000000, 0x00000006cab00000, 0x000000076ab00000)
  object space 175104K, 0% used [0x00000006c0000000,0x00000006c012ac08,0x00000006cab00000)
 Metaspace       used 18977K, capacity 19620K, committed 19840K, reserved 1067008K
  class space    used 2706K, capacity 2862K, committed 2944K, reserved 1048576K
}
Event: 1.330 GC heap before
{Heap before GC invocations=2 (full 0):
 PSYoungGen      total 76288K, used 18332K [0x000000076ab00000, 0x0000000770000000, 0x00000007c0000000)
  eden space 65536K, 11% used [0x000000076ab00000,0x000000076b269838,0x000000076eb00000)
  from space 10752K, 99% used [0x000000076eb00000,0x000000076f57db18,0x000000076f580000)
  to   space 10752K, 0% used [0x000000076f580000,0x000000076f580000,0x0000000770000000)
 ParOldGen       total 175104K, used 1195K [0x00000006c0000000, 0x00000006cab00000, 0x000000076ab00000)
  object space 175104K, 0% used [0x00000006c0000000,0x00000006c012ac08,0x00000006cab00000)
 Metaspace       used 20566K, capacity 21210K, committed 21248K, reserved 1067008K
  class space    used 2900K, capacity 3063K, committed 3072K, reserved 1048576K
Event: 1.340 GC heap after
Heap after GC invocations=2 (full 0):
 PSYoungGen      total 76288K, used 10724K [0x000000076ab00000, 0x0000000774000000, 0x00000007c0000000)
  eden space 65536K, 0% used [0x000000076ab00000,0x000000076ab00000,0x000000076eb00000)
  from space 10752K, 99% used [0x000000076f580000,0x000000076fff9280,0x0000000770000000)
  to   space 10752K, 0% used [0x000000076eb00000,0x000000076eb00000,0x000000076f580000)
 ParOldGen       total 175104K, used 1904K [0x00000006c0000000, 0x00000006cab00000, 0x000000076ab00000)
  object space 175104K, 1% used [0x00000006c0000000,0x00000006c01dc1b8,0x00000006cab00000)
 Metaspace       used 20566K, capacity 21210K, committed 21248K, reserved 1067008K
  class space    used 2900K, capacity 3063K, committed 3072K, reserved 1048576K
}
Event: 1.341 GC heap before
{Heap before GC invocations=3 (full 1):
 PSYoungGen      total 76288K, used 10724K [0x000000076ab00000, 0x0000000774000000, 0x00000007c0000000)
  eden space 65536K, 0% used [0x000000076ab00000,0x000000076ab00000,0x000000076eb00000)
  from space 10752K, 99% used [0x000000076f580000,0x000000076fff9280,0x0000000770000000)
  to   space 10752K, 0% used [0x000000076eb00000,0x000000076eb00000,0x000000076f580000)
 ParOldGen       total 175104K, used 1904K [0x00000006c0000000, 0x00000006cab00000, 0x000000076ab00000)
  object space 175104K, 1% used [0x00000006c0000000,0x00000006c01dc1b8,0x00000006cab00000)
 Metaspace       used 20566K, capacity 21210K, committed 21248K, reserved 1067008K
  class space    used 2900K, capacity 3063K, committed 3072K, reserved 1048576K
Event: 1.373 GC heap after
Heap after GC invocations=3 (full 1):
 PSYoungGen      total 76288K, used 0K [0x000000076ab00000, 0x0000000774000000, 0x00000007c0000000)
  eden space 65536K, 0% used [0x000000076ab00000,0x000000076ab00000,0x000000076eb00000)
  from space 10752K, 0% used [0x000000076f580000,0x000000076f580000,0x0000000770000000)
  to   space 10752K, 0% used [0x000000076eb00000,0x000000076eb00000,0x000000076f580000)
 ParOldGen       total 97792K, used 11472K [0x00000006c0000000, 0x00000006c5f80000, 0x000000076ab00000)
  object space 97792K, 11% used [0x00000006c0000000,0x00000006c0b34390,0x00000006c5f80000)
 Metaspace       used 20565K, capacity 21208K, committed 21248K, reserved 1067008K
  class space    used 2899K, capacity 3062K, committed 3072K, reserved 1048576K
}
Event: 3.911 GC heap before
{Heap before GC invocations=4 (full 1):
 PSYoungGen      total 76288K, used 65536K [0x000000076ab00000, 0x0000000774000000, 0x00000007c0000000)
  eden space 65536K, 100% used [0x000000076ab00000,0x000000076eb00000,0x000000076eb00000)
  from space 10752K, 0% used [0x000000076f580000,0x000000076f580000,0x0000000770000000)
  to   space 10752K, 0% used [0x000000076eb00000,0x000000076eb00000,0x000000076f580000)
 ParOldGen       total 97792K, used 11472K [0x00000006c0000000, 0x00000006c5f80000, 0x000000076ab00000)
  object space 97792K, 11% used [0x00000006c0000000,0x00000006c0b34390,0x00000006c5f80000)
 Metaspace       used 25395K, capacity 26684K, committed 27008K, reserved 1073152K
  class space    used 3623K, capacity 3866K, committed 3968K, reserved 1048576K
Event: 3.924 GC heap after
Heap after GC invocations=4 (full 1):
 PSYoungGen      total 76288K, used 10736K [0x000000076ab00000, 0x0000000772800000, 0x00000007c0000000)
  eden space 65536K, 0% used [0x000000076ab00000,0x000000076ab00000,0x000000076eb00000)
  from space 10752K, 99% used [0x000000076eb00000,0x000000076f57c0b0,0x000000076f580000)
  to   space 10752K, 0% used [0x0000000771d80000,0x0000000771d80000,0x0000000772800000)
 ParOldGen       total 97792K, used 21410K [0x00000006c0000000, 0x00000006c5f80000, 0x000000076ab00000)
  object space 97792K, 21% used [0x00000006c0000000,0x00000006c14e89b0,0x00000006c5f80000)
 Metaspace       used 25395K, capacity 26684K, committed 27008K, reserved 1073152K
  class space    used 3623K, capacity 3866K, committed 3968K, reserved 1048576K
}
Event: 4.307 GC heap before
{Heap before GC invocations=5 (full 1):
 PSYoungGen      total 76288K, used 76272K [0x000000076ab00000, 0x0000000772800000, 0x00000007c0000000)
  eden space 65536K, 100% used [0x000000076ab00000,0x000000076eb00000,0x000000076eb00000)
  from space 10752K, 99% used [0x000000076eb00000,0x000000076f57c0b0,0x000000076f580000)
  to   space 10752K, 0% used [0x0000000771d80000,0x0000000771d80000,0x0000000772800000)
 ParOldGen       total 97792K, used 21410K [0x00000006c0000000, 0x00000006c5f80000, 0x000000076ab00000)
  object space 97792K, 21% used [0x00000006c0000000,0x00000006c14e89b0,0x00000006c5f80000)
 Metaspace       used 25744K, capacity 27114K, committed 27264K, reserved 1073152K
  class space    used 3646K, capacity 3911K, committed 3968K, reserved 1048576K
Event: 4.334 GC heap after
Heap after GC invocations=5 (full 1):
 PSYoungGen      total 117248K, used 10738K [0x000000076ab00000, 0x0000000772a80000, 0x00000007c0000000)
  eden space 106496K, 0% used [0x000000076ab00000,0x000000076ab00000,0x0000000771300000)
  from space 10752K, 99% used [0x0000000771d80000,0x00000007727fcb00,0x0000000772800000)
  to   space 10752K, 0% used [0x0000000771300000,0x0000000771300000,0x0000000771d80000)
 ParOldGen       total 97792K, used 43638K [0x00000006c0000000, 0x00000006c5f80000, 0x000000076ab00000)
  object space 97792K, 44% used [0x00000006c0000000,0x00000006c2a9db48,0x00000006c5f80000)
 Metaspace       used 25744K, capacity 27114K, committed 27264K, reserved 1073152K
  class space    used 3646K, capacity 3911K, committed 3968K, reserved 1048576K
}

