# JRE version: Java(TM) SE Runtime Environment (8.0_25-b17) (build 1.8.0_25-b17)
# Java VM: Java HotSpot(TM) 64-Bit Server VM (25.25-b02 mixed mode bsd-amd64 compressed oops)
Heap:
 PSYoungGen      total 407552K, used 298766K [0x000000076ab00000, 0x000000079bd80000, 0x00000007c0000000)
  eden space 138240K, 21% used [0x000000076ab00000,0x000000076c7cb0c0,0x0000000773200000)
  from space 269312K, 99% used [0x0000000773200000,0x00000007838f8750,0x0000000783900000)
  to   space 318976K, 0% used [0x0000000788600000,0x0000000788600000,0x000000079bd80000)
 ParOldGen       total 614400K, used 349390K [0x00000006c0000000, 0x00000006e5800000, 0x000000076ab00000)
  object space 614400K, 56% used [0x00000006c0000000,0x00000006d5533838,0x00000006e5800000)
 Metaspace       used 25302K, capacity 26930K, committed 27264K, reserved 1073152K
  class space    used 3600K, capacity 3897K, committed 3968K, reserved 1048576K
GC Heap History (10 events):
Event: 28.110 GC heap before
{Heap before GC invocations=12 (full 2):
 PSYoungGen      total 267264K, used 267261K [0x000000076ab00000, 0x0000000788a00000, 0x00000007c0000000)
  eden space 146944K, 100% used [0x000000076ab00000,0x0000000773a80000,0x0000000773a80000)
  from space 120320K, 99% used [0x0000000773a80000,0x000000077afff4d8,0x000000077b000000)
  to   space 151040K, 0% used [0x000000077f680000,0x000000077f680000,0x0000000788a00000)
 ParOldGen       total 317952K, used 207499K [0x00000006c0000000, 0x00000006d3680000, 0x000000076ab00000)
  object space 317952K, 65% used [0x00000006c0000000,0x00000006ccaa2d40,0x00000006d3680000)
 Metaspace       used 25188K, capacity 26796K, committed 27008K, reserved 1073152K
  class space    used 3597K, capacity 3896K, committed 3968K, reserved 1048576K
Event: 28.233 GC heap after
Heap after GC invocations=12 (full 2):
 PSYoungGen      total 286720K, used 151030K [0x000000076ab00000, 0x000000078ed80000, 0x00000007c0000000)
  eden space 135680K, 0% used [0x000000076ab00000,0x000000076ab00000,0x0000000772f80000)
  from space 151040K, 99% used [0x000000077f680000,0x00000007889fda70,0x0000000788a00000)
  to   space 203776K, 0% used [0x0000000772f80000,0x0000000772f80000,0x000000077f680000)
 ParOldGen       total 317952K, used 285963K [0x00000006c0000000, 0x00000006d3680000, 0x000000076ab00000)
  object space 317952K, 89% used [0x00000006c0000000,0x00000006d1742f48,0x00000006d3680000)
 Metaspace       used 25188K, capacity 26796K, committed 27008K, reserved 1073152K
  class space    used 3597K, capacity 3896K, committed 3968K, reserved 1048576K
}
Event: 28.233 GC heap before
{Heap before GC invocations=13 (full 3):
 PSYoungGen      total 286720K, used 151030K [0x000000076ab00000, 0x000000078ed80000, 0x00000007c0000000)
  eden space 135680K, 0% used [0x000000076ab00000,0x000000076ab00000,0x0000000772f80000)
  from space 151040K, 99% used [0x000000077f680000,0x00000007889fda70,0x0000000788a00000)
  to   space 203776K, 0% used [0x0000000772f80000,0x0000000772f80000,0x000000077f680000)
 ParOldGen       total 317952K, used 285963K [0x00000006c0000000, 0x00000006d3680000, 0x000000076ab00000)
  object space 317952K, 89% used [0x00000006c0000000,0x00000006d1742f48,0x00000006d3680000)
 Metaspace       used 25188K, capacity 26796K, committed 27008K, reserved 1073152K
  class space    used 3597K, capacity 3896K, committed 3968K, reserved 1048576K
Event: 29.175 GC heap after
Heap after GC invocations=13 (full 3):
 PSYoungGen      total 286720K, used 110201K [0x000000076ab00000, 0x000000078ed80000, 0x00000007c0000000)
  eden space 135680K, 0% used [0x000000076ab00000,0x000000076ab00000,0x0000000772f80000)
  from space 151040K, 72% used [0x000000077f680000,0x000000078621e5d8,0x0000000788a00000)
  to   space 203776K, 0% used [0x0000000772f80000,0x0000000772f80000,0x000000077f680000)
 ParOldGen       total 614400K, used 317617K [0x00000006c0000000, 0x00000006e5800000, 0x000000076ab00000)
  object space 614400K, 51% used [0x00000006c0000000,0x00000006d362c670,0x00000006e5800000)
 Metaspace       used 25188K, capacity 26796K, committed 27008K, reserved 1073152K
  class space    used 3597K, capacity 3896K, committed 3968K, reserved 1048576K
}
Event: 32.273 GC heap before
{Heap before GC invocations=14 (full 3):
 PSYoungGen      total 286720K, used 245881K [0x000000076ab00000, 0x000000078ed80000, 0x00000007c0000000)
  eden space 135680K, 100% used [0x000000076ab00000,0x0000000772f80000,0x0000000772f80000)
  from space 151040K, 72% used [0x000000077f680000,0x000000078621e5d8,0x0000000788a00000)
  to   space 203776K, 0% used [0x0000000772f80000,0x0000000772f80000,0x000000077f680000)
 ParOldGen       total 614400K, used 317617K [0x00000006c0000000, 0x00000006e5800000, 0x000000076ab00000)
  object space 614400K, 51% used [0x00000006c0000000,0x00000006d362c670,0x00000006e5800000)
 Metaspace       used 25189K, capacity 26796K, committed 27008K, reserved 1073152K
  class space    used 3597K, capacity 3896K, committed 3968K, reserved 1048576K
Event: 32.400 GC heap after
Heap after GC invocations=14 (full 3):
 PSYoungGen      total 339456K, used 197786K [0x000000076ab00000, 0x0000000791e80000, 0x00000007c0000000)
  eden space 135680K, 0% used [0x000000076ab00000,0x000000076ab00000,0x0000000772f80000)
  from space 203776K, 97% used [0x0000000772f80000,0x000000077f0a6818,0x000000077f680000)
  to   space 235008K, 0% used [0x0000000783900000,0x0000000783900000,0x0000000791e80000)
 ParOldGen       total 614400K, used 334926K [0x00000006c0000000, 0x00000006e5800000, 0x000000076ab00000)
  object space 614400K, 54% used [0x00000006c0000000,0x00000006d4713838,0x00000006e5800000)
 Metaspace       used 25189K, capacity 26796K, committed 27008K, reserved 1073152K
  class space    used 3597K, capacity 3896K, committed 3968K, reserved 1048576K
}
Event: 34.740 GC heap before
{Heap before GC invocations=15 (full 3):
 PSYoungGen      total 339456K, used 333466K [0x000000076ab00000, 0x0000000791e80000, 0x00000007c0000000)
  eden space 135680K, 100% used [0x000000076ab00000,0x0000000772f80000,0x0000000772f80000)
  from space 203776K, 97% used [0x0000000772f80000,0x000000077f0a6818,0x000000077f680000)
  to   space 235008K, 0% used [0x0000000783900000,0x0000000783900000,0x0000000791e80000)
 ParOldGen       total 614400K, used 334926K [0x00000006c0000000, 0x00000006e5800000, 0x000000076ab00000)
  object space 614400K, 54% used [0x00000006c0000000,0x00000006d4713838,0x00000006e5800000)
 Metaspace       used 25206K, capacity 26796K, committed 27008K, reserved 1073152K
  class space    used 3598K, capacity 3896K, committed 3968K, reserved 1048576K
Event: 34.856 GC heap after
Heap after GC invocations=15 (full 3):
 PSYoungGen      total 373248K, used 222094K [0x000000076ab00000, 0x0000000795e00000, 0x00000007c0000000)
  eden space 138240K, 0% used [0x000000076ab00000,0x000000076ab00000,0x0000000773200000)
  from space 235008K, 94% used [0x0000000783900000,0x00000007911e3b20,0x0000000791e80000)
  to   space 269312K, 0% used [0x0000000773200000,0x0000000773200000,0x0000000783900000)
 ParOldGen       total 614400K, used 334934K [0x00000006c0000000, 0x00000006e5800000, 0x000000076ab00000)
  object space 614400K, 54% used [0x00000006c0000000,0x00000006d4715838,0x00000006e5800000)
 Metaspace       used 25206K, capacity 26796K, committed 27008K, reserved 1073152K
  class space    used 3598K, capacity 3896K, committed 3968K, reserved 1048576K
}
Event: 46.280 GC heap before
{Heap before GC invocations=16 (full 3):
 PSYoungGen      total 373248K, used 360334K [0x000000076ab00000, 0x0000000795e00000, 0x00000007c0000000)
  eden space 138240K, 100% used [0x000000076ab00000,0x0000000773200000,0x0000000773200000)
  from space 235008K, 94% used [0x0000000783900000,0x00000007911e3b20,0x0000000791e80000)
  to   space 269312K, 0% used [0x0000000773200000,0x0000000773200000,0x0000000783900000)
 ParOldGen       total 614400K, used 334934K [0x00000006c0000000, 0x00000006e5800000, 0x000000076ab00000)
  object space 614400K, 54% used [0x00000006c0000000,0x00000006d4715838,0x00000006e5800000)
 Metaspace       used 25267K, capacity 26866K, committed 27008K, reserved 1073152K
  class space    used 3599K, capacity 3897K, committed 3968K, reserved 1048576K
Event: 46.402 GC heap after
Heap after GC invocations=16 (full 3):
 PSYoungGen      total 407552K, used 269281K [0x000000076ab00000, 0x000000079bd80000, 0x00000007c0000000)
  eden space 138240K, 0% used [0x000000076ab00000,0x000000076ab00000,0x0000000773200000)
  from space 269312K, 99% used [0x0000000773200000,0x00000007838f8750,0x0000000783900000)
  to   space 318976K, 0% used [0x0000000788600000,0x0000000788600000,0x000000079bd80000)
 ParOldGen       total 614400K, used 349390K [0x00000006c0000000, 0x00000006e5800000, 0x000000076ab00000)
  object space 614400K, 56% used [0x00000006c0000000,0x00000006d5533838,0x00000006e5800000)
 Metaspace       used 25267K, capacity 26866K, committed 27008K, reserved 1073152K
  class space    used 3599K, capacity 3897K, committed 3968K, reserved 1048576K
}

