# JRE version: Java(TM) SE Runtime Environment (8.0_25-b17) (build 1.8.0_25-b17)
# Java VM: Java HotSpot(TM) 64-Bit Server VM (25.25-b02 mixed mode bsd-amd64 compressed oops)
Heap:
 PSYoungGen      total 76288K, used 32553K [0x000000076ab00000, 0x0000000771f00000, 0x00000007c0000000)
  eden space 65536K, 33% used [0x000000076ab00000,0x000000076c04d308,0x000000076eb00000)
  from space 10752K, 99% used [0x000000076eb00000,0x000000076f57d498,0x000000076f580000)
  to   space 10752K, 0% used [0x0000000771480000,0x0000000771480000,0x0000000771f00000)
 ParOldGen       total 106496K, used 12441K [0x00000006c0000000, 0x00000006c6800000, 0x000000076ab00000)
  object space 106496K, 11% used [0x00000006c0000000,0x00000006c0c26560,0x00000006c6800000)
 Metaspace       used 28415K, capacity 29982K, committed 30080K, reserved 1075200K
  class space    used 3901K, capacity 4161K, committed 4224K, reserved 1048576K
GC Heap History (8 events):
Event: 1.097 GC heap before
{Heap before GC invocations=1 (full 0):
 PSYoungGen      total 76288K, used 65536K [0x000000076ab00000, 0x0000000770000000, 0x00000007c0000000)
  eden space 65536K, 100% used [0x000000076ab00000,0x000000076eb00000,0x000000076eb00000)
  from space 10752K, 0% used [0x000000076f580000,0x000000076f580000,0x0000000770000000)
  to   space 10752K, 0% used [0x000000076eb00000,0x000000076eb00000,0x000000076f580000)
 ParOldGen       total 175104K, used 0K [0x00000006c0000000, 0x00000006cab00000, 0x000000076ab00000)
  object space 175104K, 0% used [0x00000006c0000000,0x00000006c0000000,0x00000006cab00000)
 Metaspace       used 17692K, capacity 18226K, committed 18432K, reserved 1064960K
  class space    used 2576K, capacity 2693K, committed 2816K, reserved 1048576K
Event: 1.105 GC heap after
Heap after GC invocations=1 (full 0):
 PSYoungGen      total 76288K, used 10734K [0x000000076ab00000, 0x0000000770000000, 0x00000007c0000000)
  eden space 65536K, 0% used [0x000000076ab00000,0x000000076ab00000,0x000000076eb00000)
  from space 10752K, 99% used [0x000000076eb00000,0x000000076f57bac8,0x000000076f580000)
  to   space 10752K, 0% used [0x000000076f580000,0x000000076f580000,0x0000000770000000)
 ParOldGen       total 175104K, used 612K [0x00000006c0000000, 0x00000006cab00000, 0x000000076ab00000)
  object space 175104K, 0% used [0x00000006c0000000,0x00000006c00992d0,0x00000006cab00000)
 Metaspace       used 17692K, capacity 18226K, committed 18432K, reserved 1064960K
  class space    used 2576K, capacity 2693K, committed 2816K, reserved 1048576K
}
Event: 1.242 GC heap before
{Heap before GC invocations=2 (full 0):
 PSYoungGen      total 76288K, used 21676K [0x000000076ab00000, 0x0000000770000000, 0x00000007c0000000)
  eden space 65536K, 16% used [0x000000076ab00000,0x000000076b5af800,0x000000076eb00000)
  from space 10752K, 99% used [0x000000076eb00000,0x000000076f57bac8,0x000000076f580000)
  to   space 10752K, 0% used [0x000000076f580000,0x000000076f580000,0x0000000770000000)
 ParOldGen       total 175104K, used 612K [0x00000006c0000000, 0x00000006cab00000, 0x000000076ab00000)
  object space 175104K, 0% used [0x00000006c0000000,0x00000006c00992d0,0x00000006cab00000)
 Metaspace       used 20627K, capacity 21216K, committed 21248K, reserved 1067008K
  class space    used 2891K, capacity 3064K, committed 3072K, reserved 1048576K
Event: 1.252 GC heap after
Heap after GC invocations=2 (full 0):
 PSYoungGen      total 76288K, used 10724K [0x000000076ab00000, 0x0000000774000000, 0x00000007c0000000)
  eden space 65536K, 0% used [0x000000076ab00000,0x000000076ab00000,0x000000076eb00000)
  from space 10752K, 99% used [0x000000076f580000,0x000000076fff92b0,0x0000000770000000)
  to   space 10752K, 0% used [0x000000076eb00000,0x000000076eb00000,0x000000076f580000)
 ParOldGen       total 175104K, used 1738K [0x00000006c0000000, 0x00000006cab00000, 0x000000076ab00000)
  object space 175104K, 0% used [0x00000006c0000000,0x00000006c01b2a78,0x00000006cab00000)
 Metaspace       used 20627K, capacity 21216K, committed 21248K, reserved 1067008K
  class space    used 2891K, capacity 3064K, committed 3072K, reserved 1048576K
}
Event: 1.252 GC heap before
{Heap before GC invocations=3 (full 1):
 PSYoungGen      total 76288K, used 10724K [0x000000076ab00000, 0x0000000774000000, 0x00000007c0000000)
  eden space 65536K, 0% used [0x000000076ab00000,0x000000076ab00000,0x000000076eb00000)
  from space 10752K, 99% used [0x000000076f580000,0x000000076fff92b0,0x0000000770000000)
  to   space 10752K, 0% used [0x000000076eb00000,0x000000076eb00000,0x000000076f580000)
 ParOldGen       total 175104K, used 1738K [0x00000006c0000000, 0x00000006cab00000, 0x000000076ab00000)
  object space 175104K, 0% used [0x00000006c0000000,0x00000006c01b2a78,0x00000006cab00000)
 Metaspace       used 20627K, capacity 21216K, committed 21248K, reserved 1067008K
  class space    used 2891K, capacity 3064K, committed 3072K, reserved 1048576K
Event: 1.285 GC heap after
Heap after GC invocations=3 (full 1):
 PSYoungGen      total 76288K, used 0K [0x000000076ab00000, 0x0000000774000000, 0x00000007c0000000)
  eden space 65536K, 0% used [0x000000076ab00000,0x000000076ab00000,0x000000076eb00000)
  from space 10752K, 0% used [0x000000076f580000,0x000000076f580000,0x0000000770000000)
  to   space 10752K, 0% used [0x000000076eb00000,0x000000076eb00000,0x000000076f580000)
 ParOldGen       total 106496K, used 11839K [0x00000006c0000000, 0x00000006c6800000, 0x000000076ab00000)
  object space 106496K, 11% used [0x00000006c0000000,0x00000006c0b8fcf0,0x00000006c6800000)
 Metaspace       used 20625K, capacity 21214K, committed 21248K, reserved 1067008K
  class space    used 2890K, capacity 3063K, committed 3072K, reserved 1048576K
}
Event: 21.120 GC heap before
{Heap before GC invocations=4 (full 1):
 PSYoungGen      total 76288K, used 65536K [0x000000076ab00000, 0x0000000774000000, 0x00000007c0000000)
  eden space 65536K, 100% used [0x000000076ab00000,0x000000076eb00000,0x000000076eb00000)
  from space 10752K, 0% used [0x000000076f580000,0x000000076f580000,0x0000000770000000)
  to   space 10752K, 0% used [0x000000076eb00000,0x000000076eb00000,0x000000076f580000)
 ParOldGen       total 106496K, used 11839K [0x00000006c0000000, 0x00000006c6800000, 0x000000076ab00000)
  object space 106496K, 11% used [0x00000006c0000000,0x00000006c0b8fcf0,0x00000006c6800000)
 Metaspace       used 28097K, capacity 29626K, committed 29824K, reserved 1075200K
  class space    used 3883K, capacity 4153K, committed 4224K, reserved 1048576K
Event: 21.128 GC heap after
Heap after GC invocations=4 (full 1):
 PSYoungGen      total 76288K, used 10741K [0x000000076ab00000, 0x0000000771f00000, 0x00000007c0000000)
  eden space 65536K, 0% used [0x000000076ab00000,0x000000076ab00000,0x000000076eb00000)
  from space 10752K, 99% used [0x000000076eb00000,0x000000076f57d498,0x000000076f580000)
  to   space 10752K, 0% used [0x0000000771480000,0x0000000771480000,0x0000000771f00000)
 ParOldGen       total 106496K, used 12441K [0x00000006c0000000, 0x00000006c6800000, 0x000000076ab00000)
  object space 106496K, 11% used [0x00000006c0000000,0x00000006c0c26560,0x00000006c6800000)
 Metaspace       used 28097K, capacity 29626K, committed 29824K, reserved 1075200K
  class space    used 3883K, capacity 4153K, committed 4224K, reserved 1048576K
}

