# JRE version: Java(TM) SE Runtime Environment (8.0_25-b17) (build 1.8.0_25-b17)
# Java VM: Java HotSpot(TM) 64-Bit Server VM (25.25-b02 mixed mode bsd-amd64 compressed oops)
Heap:
 PSYoungGen      total 778240K, used 629340K [0x000000076ab00000, 0x00000007a5b00000, 0x00000007c0000000)
  eden space 638464K, 81% used [0x000000076ab00000,0x000000078aa35870,0x0000000791a80000)
  from space 139776K, 75% used [0x000000079b480000,0x00000007a1be1828,0x00000007a3d00000)
  to   space 157696K, 0% used [0x0000000791a80000,0x0000000791a80000,0x000000079b480000)
 ParOldGen       total 1035776K, used 796084K [0x00000006c0000000, 0x00000006ff380000, 0x000000076ab00000)
  object space 1035776K, 76% used [0x00000006c0000000,0x00000006f096d358,0x00000006ff380000)
 Metaspace       used 26475K, capacity 28122K, committed 28288K, reserved 1073152K
  class space    used 3658K, capacity 3941K, committed 3968K, reserved 1048576K
GC Heap History (10 events):
Event: 168.716 GC heap before
{Heap before GC invocations=30 (full 4):
 PSYoungGen      total 771584K, used 593258K [0x000000076ab00000, 0x00000007a5480000, 0x00000007c0000000)
  eden space 589312K, 100% used [0x000000076ab00000,0x000000078ea80000,0x000000078ea80000)
  from space 182272K, 2% used [0x000000078ea80000,0x000000078ee5abc8,0x0000000799c80000)
  to   space 174080K, 0% used [0x000000079aa80000,0x000000079aa80000,0x00000007a5480000)
 ParOldGen       total 1035776K, used 796076K [0x00000006c0000000, 0x00000006ff380000, 0x000000076ab00000)
  object space 1035776K, 76% used [0x00000006c0000000,0x00000006f096b358,0x00000006ff380000)
 Metaspace       used 25128K, capacity 26582K, committed 26880K, reserved 1073152K
  class space    used 3449K, capacity 3713K, committed 3840K, reserved 1048576K
Event: 168.724 GC heap after
Heap after GC invocations=30 (full 4):
 PSYoungGen      total 765440K, used 3890K [0x000000076ab00000, 0x00000007a4280000, 0x00000007c0000000)
  eden space 609792K, 0% used [0x000000076ab00000,0x000000076ab00000,0x000000078fe80000)
  from space 155648K, 2% used [0x000000079aa80000,0x000000079ae4cbb8,0x00000007a4280000)
  to   space 165888K, 0% used [0x000000078fe80000,0x000000078fe80000,0x000000079a080000)
 ParOldGen       total 1035776K, used 796076K [0x00000006c0000000, 0x00000006ff380000, 0x000000076ab00000)
  object space 1035776K, 76% used [0x00000006c0000000,0x00000006f096b358,0x00000006ff380000)
 Metaspace       used 25128K, capacity 26582K, committed 26880K, reserved 1073152K
  class space    used 3449K, capacity 3713K, committed 3840K, reserved 1048576K
}
Event: 169.129 GC heap before
{Heap before GC invocations=31 (full 4):
 PSYoungGen      total 765440K, used 613682K [0x000000076ab00000, 0x00000007a4280000, 0x00000007c0000000)
  eden space 609792K, 100% used [0x000000076ab00000,0x000000078fe80000,0x000000078fe80000)
  from space 155648K, 2% used [0x000000079aa80000,0x000000079ae4cbb8,0x00000007a4280000)
  to   space 165888K, 0% used [0x000000078fe80000,0x000000078fe80000,0x000000079a080000)
 ParOldGen       total 1035776K, used 796076K [0x00000006c0000000, 0x00000006ff380000, 0x000000076ab00000)
  object space 1035776K, 76% used [0x00000006c0000000,0x00000006f096b358,0x00000006ff380000)
 Metaspace       used 25128K, capacity 26582K, committed 26880K, reserved 1073152K
  class space    used 3449K, capacity 3713K, committed 3840K, reserved 1048576K
Event: 169.137 GC heap after
Heap after GC invocations=31 (full 4):
 PSYoungGen      total 775680K, used 3858K [0x000000076ab00000, 0x00000007a4600000, 0x00000007c0000000)
  eden space 609792K, 0% used [0x000000076ab00000,0x000000076ab00000,0x000000078fe80000)
  from space 165888K, 2% used [0x000000078fe80000,0x0000000790244bb8,0x000000079a080000)
  to   space 157696K, 0% used [0x000000079ac00000,0x000000079ac00000,0x00000007a4600000)
 ParOldGen       total 1035776K, used 796076K [0x00000006c0000000, 0x00000006ff380000, 0x000000076ab00000)
  object space 1035776K, 76% used [0x00000006c0000000,0x00000006f096b358,0x00000006ff380000)
 Metaspace       used 25128K, capacity 26582K, committed 26880K, reserved 1073152K
  class space    used 3449K, capacity 3713K, committed 3840K, reserved 1048576K
}
Event: 169.514 GC heap before
{Heap before GC invocations=32 (full 4):
 PSYoungGen      total 775680K, used 613650K [0x000000076ab00000, 0x00000007a4600000, 0x00000007c0000000)
  eden space 609792K, 100% used [0x000000076ab00000,0x000000078fe80000,0x000000078fe80000)
  from space 165888K, 2% used [0x000000078fe80000,0x0000000790244bb8,0x000000079a080000)
  to   space 157696K, 0% used [0x000000079ac00000,0x000000079ac00000,0x00000007a4600000)
 ParOldGen       total 1035776K, used 796076K [0x00000006c0000000, 0x00000006ff380000, 0x000000076ab00000)
  object space 1035776K, 76% used [0x00000006c0000000,0x00000006f096b358,0x00000006ff380000)
 Metaspace       used 25128K, capacity 26582K, committed 26880K, reserved 1073152K
  class space    used 3449K, capacity 3713K, committed 3840K, reserved 1048576K
Event: 169.523 GC heap after
Heap after GC invocations=32 (full 4):
 PSYoungGen      total 770048K, used 3856K [0x000000076ab00000, 0x00000007a3580000, 0x00000007c0000000)
  eden space 629248K, 0% used [0x000000076ab00000,0x000000076ab00000,0x0000000791180000)
  from space 140800K, 2% used [0x000000079ac00000,0x000000079afc4220,0x00000007a3580000)
  to   space 149504K, 0% used [0x0000000791180000,0x0000000791180000,0x000000079a380000)
 ParOldGen       total 1035776K, used 796076K [0x00000006c0000000, 0x00000006ff380000, 0x000000076ab00000)
  object space 1035776K, 76% used [0x00000006c0000000,0x00000006f096b358,0x00000006ff380000)
 Metaspace       used 25128K, capacity 26582K, committed 26880K, reserved 1073152K
  class space    used 3449K, capacity 3713K, committed 3840K, reserved 1048576K
}
Event: 170.186 GC heap before
{Heap before GC invocations=33 (full 4):
 PSYoungGen      total 770048K, used 633104K [0x000000076ab00000, 0x00000007a3580000, 0x00000007c0000000)
  eden space 629248K, 100% used [0x000000076ab00000,0x0000000791180000,0x0000000791180000)
  from space 140800K, 2% used [0x000000079ac00000,0x000000079afc4220,0x00000007a3580000)
  to   space 149504K, 0% used [0x0000000791180000,0x0000000791180000,0x000000079a380000)
 ParOldGen       total 1035776K, used 796076K [0x00000006c0000000, 0x00000006ff380000, 0x000000076ab00000)
  object space 1035776K, 76% used [0x00000006c0000000,0x00000006f096b358,0x00000006ff380000)
 Metaspace       used 25129K, capacity 26582K, committed 26880K, reserved 1073152K
  class space    used 3449K, capacity 3713K, committed 3840K, reserved 1048576K
Event: 170.232 GC heap after
Heap after GC invocations=33 (full 4):
 PSYoungGen      total 778752K, used 14871K [0x000000076ab00000, 0x00000007a3d00000, 0x00000007c0000000)
  eden space 629248K, 0% used [0x000000076ab00000,0x000000076ab00000,0x0000000791180000)
  from space 149504K, 9% used [0x0000000791180000,0x0000000792005e40,0x000000079a380000)
  to   space 139776K, 0% used [0x000000079b480000,0x000000079b480000,0x00000007a3d00000)
 ParOldGen       total 1035776K, used 796076K [0x00000006c0000000, 0x00000006ff380000, 0x000000076ab00000)
  object space 1035776K, 76% used [0x00000006c0000000,0x00000006f096b358,0x00000006ff380000)
 Metaspace       used 25129K, capacity 26582K, committed 26880K, reserved 1073152K
  class space    used 3449K, capacity 3713K, committed 3840K, reserved 1048576K
}
Event: 190.701 GC heap before
{Heap before GC invocations=34 (full 4):
 PSYoungGen      total 778752K, used 644119K [0x000000076ab00000, 0x00000007a3d00000, 0x00000007c0000000)
  eden space 629248K, 100% used [0x000000076ab00000,0x0000000791180000,0x0000000791180000)
  from space 149504K, 9% used [0x0000000791180000,0x0000000792005e40,0x000000079a380000)
  to   space 139776K, 0% used [0x000000079b480000,0x000000079b480000,0x00000007a3d00000)
 ParOldGen       total 1035776K, used 796076K [0x00000006c0000000, 0x00000006ff380000, 0x000000076ab00000)
  object space 1035776K, 76% used [0x00000006c0000000,0x00000006f096b358,0x00000006ff380000)
 Metaspace       used 26398K, capacity 28052K, committed 28288K, reserved 1073152K
  class space    used 3656K, capacity 3940K, committed 3968K, reserved 1048576K
Event: 190.779 GC heap after
Heap after GC invocations=34 (full 4):
 PSYoungGen      total 778240K, used 105862K [0x000000076ab00000, 0x00000007a5b00000, 0x00000007c0000000)
  eden space 638464K, 0% used [0x000000076ab00000,0x000000076ab00000,0x0000000791a80000)
  from space 139776K, 75% used [0x000000079b480000,0x00000007a1be1828,0x00000007a3d00000)
  to   space 157696K, 0% used [0x0000000791a80000,0x0000000791a80000,0x000000079b480000)
 ParOldGen       total 1035776K, used 796084K [0x00000006c0000000, 0x00000006ff380000, 0x000000076ab00000)
  object space 1035776K, 76% used [0x00000006c0000000,0x00000006f096d358,0x00000006ff380000)
 Metaspace       used 26398K, capacity 28052K, committed 28288K, reserved 1073152K
  class space    used 3656K, capacity 3940K, committed 3968K, reserved 1048576K
}

