# JRE version: Java(TM) SE Runtime Environment (8.0_25-b17) (build 1.8.0_25-b17)
# Java VM: Java HotSpot(TM) 64-Bit Server VM (25.25-b02 mixed mode bsd-amd64 compressed oops)
Heap:
 PSYoungGen      total 396800K, used 286497K [0x000000076ab00000, 0x0000000799180000, 0x00000007c0000000)
  eden space 148480K, 25% used [0x000000076ab00000,0x000000076d04e768,0x0000000773c00000)
  from space 248320K, 99% used [0x0000000773c00000,0x0000000782e79f18,0x0000000782e80000)
  to   space 289280K, 0% used [0x0000000787700000,0x0000000787700000,0x0000000799180000)
 ParOldGen       total 633856K, used 362736K [0x00000006c0000000, 0x00000006e6b00000, 0x000000076ab00000)
  object space 633856K, 57% used [0x00000006c0000000,0x00000006d623c3e8,0x00000006e6b00000)
 Metaspace       used 25205K, capacity 26848K, committed 27008K, reserved 1073152K
  class space    used 3593K, capacity 3892K, committed 3968K, reserved 1048576K
GC Heap History (10 events):
Event: 27.536 GC heap before
{Heap before GC invocations=12 (full 2):
 PSYoungGen      total 260096K, used 260093K [0x000000076ab00000, 0x0000000787f80000, 0x00000007c0000000)
  eden space 141312K, 100% used [0x000000076ab00000,0x0000000773500000,0x0000000773500000)
  from space 118784K, 99% used [0x0000000773500000,0x000000077a8ff4d8,0x000000077a900000)
  to   space 147456K, 0% used [0x000000077ef80000,0x000000077ef80000,0x0000000787f80000)
 ParOldGen       total 330752K, used 202250K [0x00000006c0000000, 0x00000006d4300000, 0x000000076ab00000)
  object space 330752K, 61% used [0x00000006c0000000,0x00000006cc582940,0x00000006d4300000)
 Metaspace       used 25074K, capacity 26778K, committed 27008K, reserved 1073152K
  class space    used 3590K, capacity 3891K, committed 3968K, reserved 1048576K
Event: 27.649 GC heap after
Heap after GC invocations=12 (full 2):
 PSYoungGen      total 282624K, used 147430K [0x000000076ab00000, 0x000000078dc80000, 0x00000007c0000000)
  eden space 135168K, 0% used [0x000000076ab00000,0x000000076ab00000,0x0000000772f00000)
  from space 147456K, 99% used [0x000000077ef80000,0x0000000787f79990,0x0000000787f80000)
  to   space 197120K, 0% used [0x0000000772f00000,0x0000000772f00000,0x000000077ef80000)
 ParOldGen       total 330752K, used 273819K [0x00000006c0000000, 0x00000006d4300000, 0x000000076ab00000)
  object space 330752K, 82% used [0x00000006c0000000,0x00000006d0b66c28,0x00000006d4300000)
 Metaspace       used 25074K, capacity 26778K, committed 27008K, reserved 1073152K
  class space    used 3590K, capacity 3891K, committed 3968K, reserved 1048576K
}
Event: 27.649 GC heap before
{Heap before GC invocations=13 (full 3):
 PSYoungGen      total 282624K, used 147430K [0x000000076ab00000, 0x000000078dc80000, 0x00000007c0000000)
  eden space 135168K, 0% used [0x000000076ab00000,0x000000076ab00000,0x0000000772f00000)
  from space 147456K, 99% used [0x000000077ef80000,0x0000000787f79990,0x0000000787f80000)
  to   space 197120K, 0% used [0x0000000772f00000,0x0000000772f00000,0x000000077ef80000)
 ParOldGen       total 330752K, used 273819K [0x00000006c0000000, 0x00000006d4300000, 0x000000076ab00000)
  object space 330752K, 82% used [0x00000006c0000000,0x00000006d0b66c28,0x00000006d4300000)
 Metaspace       used 25074K, capacity 26778K, committed 27008K, reserved 1073152K
  class space    used 3590K, capacity 3891K, committed 3968K, reserved 1048576K
Event: 28.505 GC heap after
Heap after GC invocations=13 (full 3):
 PSYoungGen      total 282624K, used 81141K [0x000000076ab00000, 0x000000078dc80000, 0x00000007c0000000)
  eden space 135168K, 0% used [0x000000076ab00000,0x000000076ab00000,0x0000000772f00000)
  from space 147456K, 55% used [0x000000077ef80000,0x0000000783ebd6f0,0x0000000787f80000)
  to   space 197120K, 0% used [0x0000000772f00000,0x0000000772f00000,0x000000077ef80000)
 ParOldGen       total 633856K, used 330746K [0x00000006c0000000, 0x00000006e6b00000, 0x000000076ab00000)
  object space 633856K, 52% used [0x00000006c0000000,0x00000006d42fe830,0x00000006e6b00000)
 Metaspace       used 25074K, capacity 26778K, committed 27008K, reserved 1073152K
  class space    used 3590K, capacity 3891K, committed 3968K, reserved 1048576K
}
Event: 31.950 GC heap before
{Heap before GC invocations=14 (full 3):
 PSYoungGen      total 282624K, used 216309K [0x000000076ab00000, 0x000000078dc80000, 0x00000007c0000000)
  eden space 135168K, 100% used [0x000000076ab00000,0x0000000772f00000,0x0000000772f00000)
  from space 147456K, 55% used [0x000000077ef80000,0x0000000783ebd6f0,0x0000000787f80000)
  to   space 197120K, 0% used [0x0000000772f00000,0x0000000772f00000,0x000000077ef80000)
 ParOldGen       total 633856K, used 330746K [0x00000006c0000000, 0x00000006e6b00000, 0x000000076ab00000)
  object space 633856K, 52% used [0x00000006c0000000,0x00000006d42fe830,0x00000006e6b00000)
 Metaspace       used 25074K, capacity 26778K, committed 27008K, reserved 1073152K
  class space    used 3591K, capacity 3891K, committed 3968K, reserved 1048576K
Event: 32.058 GC heap after
Heap after GC invocations=14 (full 3):
 PSYoungGen      total 332288K, used 178302K [0x000000076ab00000, 0x0000000790780000, 0x00000007c0000000)
  eden space 135168K, 0% used [0x000000076ab00000,0x000000076ab00000,0x0000000772f00000)
  from space 197120K, 90% used [0x0000000772f00000,0x000000077dd1f850,0x000000077ef80000)
  to   space 222208K, 0% used [0x0000000782e80000,0x0000000782e80000,0x0000000790780000)
 ParOldGen       total 633856K, used 341338K [0x00000006c0000000, 0x00000006e6b00000, 0x000000076ab00000)
  object space 633856K, 53% used [0x00000006c0000000,0x00000006d4d56830,0x00000006e6b00000)
 Metaspace       used 25074K, capacity 26778K, committed 27008K, reserved 1073152K
  class space    used 3591K, capacity 3891K, committed 3968K, reserved 1048576K
}
Event: 34.615 GC heap before
{Heap before GC invocations=15 (full 3):
 PSYoungGen      total 332288K, used 313470K [0x000000076ab00000, 0x0000000790780000, 0x00000007c0000000)
  eden space 135168K, 100% used [0x000000076ab00000,0x0000000772f00000,0x0000000772f00000)
  from space 197120K, 90% used [0x0000000772f00000,0x000000077dd1f850,0x000000077ef80000)
  to   space 222208K, 0% used [0x0000000782e80000,0x0000000782e80000,0x0000000790780000)
 ParOldGen       total 633856K, used 341338K [0x00000006c0000000, 0x00000006e6b00000, 0x000000076ab00000)
  object space 633856K, 53% used [0x00000006c0000000,0x00000006d4d56830,0x00000006e6b00000)
 Metaspace       used 25096K, capacity 26778K, committed 27008K, reserved 1073152K
  class space    used 3592K, capacity 3891K, committed 3968K, reserved 1048576K
Event: 34.722 GC heap after
Heap after GC invocations=15 (full 3):
 PSYoungGen      total 370688K, used 194715K [0x000000076ab00000, 0x0000000793680000, 0x00000007c0000000)
  eden space 148480K, 0% used [0x000000076ab00000,0x000000076ab00000,0x0000000773c00000)
  from space 222208K, 87% used [0x0000000782e80000,0x000000078eca6fb0,0x0000000790780000)
  to   space 248320K, 0% used [0x0000000773c00000,0x0000000773c00000,0x0000000782e80000)
 ParOldGen       total 633856K, used 362456K [0x00000006c0000000, 0x00000006e6b00000, 0x000000076ab00000)
  object space 633856K, 57% used [0x00000006c0000000,0x00000006d61f63e8,0x00000006e6b00000)
 Metaspace       used 25096K, capacity 26778K, committed 27008K, reserved 1073152K
  class space    used 3592K, capacity 3891K, committed 3968K, reserved 1048576K
}
Event: 44.528 GC heap before
{Heap before GC invocations=16 (full 3):
 PSYoungGen      total 370688K, used 343195K [0x000000076ab00000, 0x0000000793680000, 0x00000007c0000000)
  eden space 148480K, 100% used [0x000000076ab00000,0x0000000773c00000,0x0000000773c00000)
  from space 222208K, 87% used [0x0000000782e80000,0x000000078eca6fb0,0x0000000790780000)
  to   space 248320K, 0% used [0x0000000773c00000,0x0000000773c00000,0x0000000782e80000)
 ParOldGen       total 633856K, used 362456K [0x00000006c0000000, 0x00000006e6b00000, 0x000000076ab00000)
  object space 633856K, 57% used [0x00000006c0000000,0x00000006d61f63e8,0x00000006e6b00000)
 Metaspace       used 25134K, capacity 26778K, committed 27008K, reserved 1073152K
  class space    used 3592K, capacity 3891K, committed 3968K, reserved 1048576K
Event: 44.635 GC heap after
Heap after GC invocations=16 (full 3):
 PSYoungGen      total 396800K, used 248295K [0x000000076ab00000, 0x0000000799180000, 0x00000007c0000000)
  eden space 148480K, 0% used [0x000000076ab00000,0x000000076ab00000,0x0000000773c00000)
  from space 248320K, 99% used [0x0000000773c00000,0x0000000782e79f18,0x0000000782e80000)
  to   space 289280K, 0% used [0x0000000787700000,0x0000000787700000,0x0000000799180000)
 ParOldGen       total 633856K, used 362736K [0x00000006c0000000, 0x00000006e6b00000, 0x000000076ab00000)
  object space 633856K, 57% used [0x00000006c0000000,0x00000006d623c3e8,0x00000006e6b00000)
 Metaspace       used 25134K, capacity 26778K, committed 27008K, reserved 1073152K
  class space    used 3592K, capacity 3891K, committed 3968K, reserved 1048576K
}

