# JRE version: Java(TM) SE Runtime Environment (8.0_25-b17) (build 1.8.0_25-b17)
# Java VM: Java HotSpot(TM) 64-Bit Server VM (25.25-b02 mixed mode bsd-amd64 compressed oops)
Heap:
 PSYoungGen      total 115712K, used 100738K [0x000000076ab00000, 0x0000000772980000, 0x00000007c0000000)
  eden space 104960K, 85% used [0x000000076ab00000,0x00000007702e4a90,0x0000000771180000)
  from space 10752K, 99% used [0x0000000771c00000,0x000000077267c070,0x0000000772680000)
  to   space 10752K, 0% used [0x0000000771180000,0x0000000771180000,0x0000000771c00000)
 ParOldGen       total 99328K, used 41732K [0x00000006c0000000, 0x00000006c6100000, 0x000000076ab00000)
  object space 99328K, 42% used [0x00000006c0000000,0x00000006c28c13c0,0x00000006c6100000)
 Metaspace       used 26839K, capacity 28302K, committed 28544K, reserved 1073152K
  class space    used 3719K, capacity 3957K, committed 3968K, reserved 1048576K
GC Heap History (10 events):
Event: 1.762 GC heap before
{Heap before GC invocations=1 (full 0):
 PSYoungGen      total 76288K, used 65536K [0x000000076ab00000, 0x0000000770000000, 0x00000007c0000000)
  eden space 65536K, 100% used [0x000000076ab00000,0x000000076eb00000,0x000000076eb00000)
  from space 10752K, 0% used [0x000000076f580000,0x000000076f580000,0x0000000770000000)
  to   space 10752K, 0% used [0x000000076eb00000,0x000000076eb00000,0x000000076f580000)
 ParOldGen       total 175104K, used 0K [0x00000006c0000000, 0x00000006cab00000, 0x000000076ab00000)
  object space 175104K, 0% used [0x00000006c0000000,0x00000006c0000000,0x00000006cab00000)
 Metaspace       used 19197K, capacity 19796K, committed 20096K, reserved 1067008K
  class space    used 2722K, capacity 2858K, committed 2944K, reserved 1048576K
Event: 1.774 GC heap after
Heap after GC invocations=1 (full 0):
 PSYoungGen      total 76288K, used 10726K [0x000000076ab00000, 0x0000000770000000, 0x00000007c0000000)
  eden space 65536K, 0% used [0x000000076ab00000,0x000000076ab00000,0x000000076eb00000)
  from space 10752K, 99% used [0x000000076eb00000,0x000000076f579b08,0x000000076f580000)
  to   space 10752K, 0% used [0x000000076f580000,0x000000076f580000,0x0000000770000000)
 ParOldGen       total 175104K, used 1303K [0x00000006c0000000, 0x00000006cab00000, 0x000000076ab00000)
  object space 175104K, 0% used [0x00000006c0000000,0x00000006c0145d48,0x00000006cab00000)
 Metaspace       used 19197K, capacity 19796K, committed 20096K, reserved 1067008K
  class space    used 2722K, capacity 2858K, committed 2944K, reserved 1048576K
}
Event: 1.883 GC heap before
{Heap before GC invocations=2 (full 0):
 PSYoungGen      total 76288K, used 19425K [0x000000076ab00000, 0x0000000770000000, 0x00000007c0000000)
  eden space 65536K, 13% used [0x000000076ab00000,0x000000076b37eaf0,0x000000076eb00000)
  from space 10752K, 99% used [0x000000076eb00000,0x000000076f579b08,0x000000076f580000)
  to   space 10752K, 0% used [0x000000076f580000,0x000000076f580000,0x0000000770000000)
 ParOldGen       total 175104K, used 1303K [0x00000006c0000000, 0x00000006cab00000, 0x000000076ab00000)
  object space 175104K, 0% used [0x00000006c0000000,0x00000006c0145d48,0x00000006cab00000)
 Metaspace       used 20628K, capacity 21210K, committed 21248K, reserved 1067008K
  class space    used 2907K, capacity 3063K, committed 3072K, reserved 1048576K
Event: 1.895 GC heap after
Heap after GC invocations=2 (full 0):
 PSYoungGen      total 76288K, used 10742K [0x000000076ab00000, 0x0000000774000000, 0x00000007c0000000)
  eden space 65536K, 0% used [0x000000076ab00000,0x000000076ab00000,0x000000076eb00000)
  from space 10752K, 99% used [0x000000076f580000,0x000000076fffdb18,0x0000000770000000)
  to   space 10752K, 0% used [0x000000076eb00000,0x000000076eb00000,0x000000076f580000)
 ParOldGen       total 175104K, used 1857K [0x00000006c0000000, 0x00000006cab00000, 0x000000076ab00000)
  object space 175104K, 1% used [0x00000006c0000000,0x00000006c01d0440,0x00000006cab00000)
 Metaspace       used 20628K, capacity 21210K, committed 21248K, reserved 1067008K
  class space    used 2907K, capacity 3063K, committed 3072K, reserved 1048576K
}
Event: 1.895 GC heap before
{Heap before GC invocations=3 (full 1):
 PSYoungGen      total 76288K, used 10742K [0x000000076ab00000, 0x0000000774000000, 0x00000007c0000000)
  eden space 65536K, 0% used [0x000000076ab00000,0x000000076ab00000,0x000000076eb00000)
  from space 10752K, 99% used [0x000000076f580000,0x000000076fffdb18,0x0000000770000000)
  to   space 10752K, 0% used [0x000000076eb00000,0x000000076eb00000,0x000000076f580000)
 ParOldGen       total 175104K, used 1857K [0x00000006c0000000, 0x00000006cab00000, 0x000000076ab00000)
  object space 175104K, 1% used [0x00000006c0000000,0x00000006c01d0440,0x00000006cab00000)
 Metaspace       used 20628K, capacity 21210K, committed 21248K, reserved 1067008K
  class space    used 2907K, capacity 3063K, committed 3072K, reserved 1048576K
Event: 1.938 GC heap after
Heap after GC invocations=3 (full 1):
 PSYoungGen      total 76288K, used 0K [0x000000076ab00000, 0x0000000774000000, 0x00000007c0000000)
  eden space 65536K, 0% used [0x000000076ab00000,0x000000076ab00000,0x000000076eb00000)
  from space 10752K, 0% used [0x000000076f580000,0x000000076f580000,0x0000000770000000)
  to   space 10752K, 0% used [0x000000076eb00000,0x000000076eb00000,0x000000076f580000)
 ParOldGen       total 99328K, used 11385K [0x00000006c0000000, 0x00000006c6100000, 0x000000076ab00000)
  object space 99328K, 11% used [0x00000006c0000000,0x00000006c0b1e778,0x00000006c6100000)
 Metaspace       used 20627K, capacity 21208K, committed 21248K, reserved 1067008K
  class space    used 2907K, capacity 3062K, committed 3072K, reserved 1048576K
}
Event: 8.319 GC heap before
{Heap before GC invocations=4 (full 1):
 PSYoungGen      total 76288K, used 65536K [0x000000076ab00000, 0x0000000774000000, 0x00000007c0000000)
  eden space 65536K, 100% used [0x000000076ab00000,0x000000076eb00000,0x000000076eb00000)
  from space 10752K, 0% used [0x000000076f580000,0x000000076f580000,0x0000000770000000)
  to   space 10752K, 0% used [0x000000076eb00000,0x000000076eb00000,0x000000076f580000)
 ParOldGen       total 99328K, used 11385K [0x00000006c0000000, 0x00000006c6100000, 0x000000076ab00000)
  object space 99328K, 11% used [0x00000006c0000000,0x00000006c0b1e778,0x00000006c6100000)
 Metaspace       used 25968K, capacity 27366K, committed 27520K, reserved 1073152K
  class space    used 3684K, capacity 3939K, committed 3968K, reserved 1048576K
Event: 8.332 GC heap after
Heap after GC invocations=4 (full 1):
 PSYoungGen      total 76288K, used 10722K [0x000000076ab00000, 0x0000000772680000, 0x00000007c0000000)
  eden space 65536K, 0% used [0x000000076ab00000,0x000000076ab00000,0x000000076eb00000)
  from space 10752K, 99% used [0x000000076eb00000,0x000000076f578b10,0x000000076f580000)
  to   space 10752K, 0% used [0x0000000771c00000,0x0000000771c00000,0x0000000772680000)
 ParOldGen       total 99328K, used 20262K [0x00000006c0000000, 0x00000006c6100000, 0x000000076ab00000)
  object space 99328K, 20% used [0x00000006c0000000,0x00000006c13c99b0,0x00000006c6100000)
 Metaspace       used 25968K, capacity 27366K, committed 27520K, reserved 1073152K
  class space    used 3684K, capacity 3939K, committed 3968K, reserved 1048576K
}
Event: 8.785 GC heap before
{Heap before GC invocations=5 (full 1):
 PSYoungGen      total 76288K, used 76258K [0x000000076ab00000, 0x0000000772680000, 0x00000007c0000000)
  eden space 65536K, 100% used [0x000000076ab00000,0x000000076eb00000,0x000000076eb00000)
  from space 10752K, 99% used [0x000000076eb00000,0x000000076f578b10,0x000000076f580000)
  to   space 10752K, 0% used [0x0000000771c00000,0x0000000771c00000,0x0000000772680000)
 ParOldGen       total 99328K, used 20262K [0x00000006c0000000, 0x00000006c6100000, 0x000000076ab00000)
  object space 99328K, 20% used [0x00000006c0000000,0x00000006c13c99b0,0x00000006c6100000)
 Metaspace       used 26358K, capacity 27772K, committed 28032K, reserved 1073152K
  class space    used 3704K, capacity 3952K, committed 3968K, reserved 1048576K
Event: 8.815 GC heap after
Heap after GC invocations=5 (full 1):
 PSYoungGen      total 115712K, used 10736K [0x000000076ab00000, 0x0000000772980000, 0x00000007c0000000)
  eden space 104960K, 0% used [0x000000076ab00000,0x000000076ab00000,0x0000000771180000)
  from space 10752K, 99% used [0x0000000771c00000,0x000000077267c070,0x0000000772680000)
  to   space 10752K, 0% used [0x0000000771180000,0x0000000771180000,0x0000000771c00000)
 ParOldGen       total 99328K, used 41732K [0x00000006c0000000, 0x00000006c6100000, 0x000000076ab00000)
  object space 99328K, 42% used [0x00000006c0000000,0x00000006c28c13c0,0x00000006c6100000)
 Metaspace       used 26358K, capacity 27772K, committed 28032K, reserved 1073152K
  class space    used 3704K, capacity 3952K, committed 3968K, reserved 1048576K
}

