# JRE version: Java(TM) SE Runtime Environment (8.0_25-b17) (build 1.8.0_25-b17)
# Java VM: Java HotSpot(TM) 64-Bit Server VM (25.25-b02 mixed mode bsd-amd64 compressed oops)
Heap:
 PSYoungGen      total 1232896K, used 101006K [0x000000076ab00000, 0x00000007c0000000, 0x00000007c0000000)
  eden space 1083392K, 5% used [0x000000076ab00000,0x000000076e60e998,0x00000007acd00000)
  from space 149504K, 27% used [0x00000007b6680000,0x00000007b8e150a0,0x00000007bf880000)
  to   space 157184K, 0% used [0x00000007acd00000,0x00000007acd00000,0x00000007b6680000)
 ParOldGen       total 721920K, used 507803K [0x00000006c0000000, 0x00000006ec100000, 0x000000076ab00000)
  object space 721920K, 70% used [0x00000006c0000000,0x00000006defe6ea0,0x00000006ec100000)
 Metaspace       used 28788K, capacity 30336K, committed 30592K, reserved 1075200K
  class space    used 3894K, capacity 4160K, committed 4224K, reserved 1048576K
GC Heap History (10 events):
Event: 202.903 GC heap before
{Heap before GC invocations=50 (full 4):
 PSYoungGen      total 1216512K, used 1160532K [0x000000076ab00000, 0x00000007bf880000, 0x00000007c0000000)
  eden space 1045504K, 100% used [0x000000076ab00000,0x00000007aa800000,0x00000007aa800000)
  from space 171008K, 67% used [0x00000007aa800000,0x00000007b18550a0,0x00000007b4f00000)
  to   space 166912K, 0% used [0x00000007b5580000,0x00000007b5580000,0x00000007bf880000)
 ParOldGen       total 721920K, used 479291K [0x00000006c0000000, 0x00000006ec100000, 0x000000076ab00000)
  object space 721920K, 66% used [0x00000006c0000000,0x00000006dd40eea0,0x00000006ec100000)
 Metaspace       used 28546K, capacity 30046K, committed 30336K, reserved 1075200K
  class space    used 3886K, capacity 4153K, committed 4224K, reserved 1048576K
Event: 202.988 GC heap after
Heap after GC invocations=50 (full 4):
 PSYoungGen      total 1222144K, used 113332K [0x000000076ab00000, 0x00000007bf400000, 0x00000007c0000000)
  eden space 1059840K, 0% used [0x000000076ab00000,0x000000076ab00000,0x00000007ab600000)
  from space 162304K, 69% used [0x00000007b5580000,0x00000007bc42d0a0,0x00000007bf400000)
  to   space 162816K, 0% used [0x00000007ab600000,0x00000007ab600000,0x00000007b5500000)
 ParOldGen       total 721920K, used 486795K [0x00000006c0000000, 0x00000006ec100000, 0x000000076ab00000)
  object space 721920K, 67% used [0x00000006c0000000,0x00000006ddb62ea0,0x00000006ec100000)
 Metaspace       used 28546K, capacity 30046K, committed 30336K, reserved 1075200K
  class space    used 3886K, capacity 4153K, committed 4224K, reserved 1048576K
}
Event: 206.906 GC heap before
{Heap before GC invocations=51 (full 4):
 PSYoungGen      total 1222144K, used 1173172K [0x000000076ab00000, 0x00000007bf400000, 0x00000007c0000000)
  eden space 1059840K, 100% used [0x000000076ab00000,0x00000007ab600000,0x00000007ab600000)
  from space 162304K, 69% used [0x00000007b5580000,0x00000007bc42d0a0,0x00000007bf400000)
  to   space 162816K, 0% used [0x00000007ab600000,0x00000007ab600000,0x00000007b5500000)
 ParOldGen       total 721920K, used 486795K [0x00000006c0000000, 0x00000006ec100000, 0x000000076ab00000)
  object space 721920K, 67% used [0x00000006c0000000,0x00000006ddb62ea0,0x00000006ec100000)
 Metaspace       used 28546K, capacity 30046K, committed 30336K, reserved 1075200K
  class space    used 3886K, capacity 4153K, committed 4224K, reserved 1048576K
Event: 206.981 GC heap after
Heap after GC invocations=51 (full 4):
 PSYoungGen      total 1222656K, used 111956K [0x000000076ab00000, 0x00000007bf780000, 0x00000007c0000000)
  eden space 1059840K, 0% used [0x000000076ab00000,0x000000076ab00000,0x00000007ab600000)
  from space 162816K, 68% used [0x00000007ab600000,0x00000007b23550a0,0x00000007b5500000)
  to   space 158208K, 0% used [0x00000007b5d00000,0x00000007b5d00000,0x00000007bf780000)
 ParOldGen       total 721920K, used 494011K [0x00000006c0000000, 0x00000006ec100000, 0x000000076ab00000)
  object space 721920K, 68% used [0x00000006c0000000,0x00000006de26eea0,0x00000006ec100000)
 Metaspace       used 28546K, capacity 30046K, committed 30336K, reserved 1075200K
  class space    used 3886K, capacity 4153K, committed 4224K, reserved 1048576K
}
Event: 210.391 GC heap before
{Heap before GC invocations=52 (full 4):
 PSYoungGen      total 1222656K, used 1171796K [0x000000076ab00000, 0x00000007bf780000, 0x00000007c0000000)
  eden space 1059840K, 100% used [0x000000076ab00000,0x00000007ab600000,0x00000007ab600000)
  from space 162816K, 68% used [0x00000007ab600000,0x00000007b23550a0,0x00000007b5500000)
  to   space 158208K, 0% used [0x00000007b5d00000,0x00000007b5d00000,0x00000007bf780000)
 ParOldGen       total 721920K, used 494011K [0x00000006c0000000, 0x00000006ec100000, 0x000000076ab00000)
  object space 721920K, 68% used [0x00000006c0000000,0x00000006de26eea0,0x00000006ec100000)
 Metaspace       used 28546K, capacity 30046K, committed 30336K, reserved 1075200K
  class space    used 3886K, capacity 4153K, committed 4224K, reserved 1048576K
Event: 210.468 GC heap after
Heap after GC invocations=52 (full 4):
 PSYoungGen      total 1229824K, used 110740K [0x000000076ab00000, 0x00000007bf280000, 0x00000007c0000000)
  eden space 1076736K, 0% used [0x000000076ab00000,0x000000076ab00000,0x00000007ac680000)
  from space 153088K, 72% used [0x00000007b5d00000,0x00000007bc9250a0,0x00000007bf280000)
  to   space 153600K, 0% used [0x00000007ac680000,0x00000007ac680000,0x00000007b5c80000)
 ParOldGen       total 721920K, used 500971K [0x00000006c0000000, 0x00000006ec100000, 0x000000076ab00000)
  object space 721920K, 69% used [0x00000006c0000000,0x00000006de93aea0,0x00000006ec100000)
 Metaspace       used 28546K, capacity 30046K, committed 30336K, reserved 1075200K
  class space    used 3886K, capacity 4153K, committed 4224K, reserved 1048576K
}
Event: 214.111 GC heap before
{Heap before GC invocations=53 (full 4):
 PSYoungGen      total 1229824K, used 1187476K [0x000000076ab00000, 0x00000007bf280000, 0x00000007c0000000)
  eden space 1076736K, 100% used [0x000000076ab00000,0x00000007ac680000,0x00000007ac680000)
  from space 153088K, 72% used [0x00000007b5d00000,0x00000007bc9250a0,0x00000007bf280000)
  to   space 153600K, 0% used [0x00000007ac680000,0x00000007ac680000,0x00000007b5c80000)
 ParOldGen       total 721920K, used 500971K [0x00000006c0000000, 0x00000006ec100000, 0x000000076ab00000)
  object space 721920K, 69% used [0x00000006c0000000,0x00000006de93aea0,0x00000006ec100000)
 Metaspace       used 28546K, capacity 30046K, committed 30336K, reserved 1075200K
  class space    used 3886K, capacity 4153K, committed 4224K, reserved 1048576K
Event: 214.180 GC heap after
Heap after GC invocations=53 (full 4):
 PSYoungGen      total 1230336K, used 109492K [0x000000076ab00000, 0x00000007bf880000, 0x00000007c0000000)
  eden space 1076736K, 0% used [0x000000076ab00000,0x000000076ab00000,0x00000007ac680000)
  from space 153600K, 71% used [0x00000007ac680000,0x00000007b316d0a0,0x00000007b5c80000)
  to   space 149504K, 0% used [0x00000007b6680000,0x00000007b6680000,0x00000007bf880000)
 ParOldGen       total 721920K, used 507731K [0x00000006c0000000, 0x00000006ec100000, 0x000000076ab00000)
  object space 721920K, 70% used [0x00000006c0000000,0x00000006defd4ea0,0x00000006ec100000)
 Metaspace       used 28546K, capacity 30046K, committed 30336K, reserved 1075200K
  class space    used 3886K, capacity 4153K, committed 4224K, reserved 1048576K
}
Event: 231.989 GC heap before
{Heap before GC invocations=54 (full 4):
 PSYoungGen      total 1230336K, used 1186228K [0x000000076ab00000, 0x00000007bf880000, 0x00000007c0000000)
  eden space 1076736K, 100% used [0x000000076ab00000,0x00000007ac680000,0x00000007ac680000)
  from space 153600K, 71% used [0x00000007ac680000,0x00000007b316d0a0,0x00000007b5c80000)
  to   space 149504K, 0% used [0x00000007b6680000,0x00000007b6680000,0x00000007bf880000)
 ParOldGen       total 721920K, used 507731K [0x00000006c0000000, 0x00000006ec100000, 0x000000076ab00000)
  object space 721920K, 70% used [0x00000006c0000000,0x00000006defd4ea0,0x00000006ec100000)
 Metaspace       used 28766K, capacity 30314K, committed 30592K, reserved 1075200K
  class space    used 3890K, capacity 4155K, committed 4224K, reserved 1048576K
Event: 232.019 GC heap after
Heap after GC invocations=54 (full 4):
 PSYoungGen      total 1232896K, used 40532K [0x000000076ab00000, 0x00000007c0000000, 0x00000007c0000000)
  eden space 1083392K, 0% used [0x000000076ab00000,0x000000076ab00000,0x00000007acd00000)
  from space 149504K, 27% used [0x00000007b6680000,0x00000007b8e150a0,0x00000007bf880000)
  to   space 157184K, 0% used [0x00000007acd00000,0x00000007acd00000,0x00000007b6680000)
 ParOldGen       total 721920K, used 507803K [0x00000006c0000000, 0x00000006ec100000, 0x000000076ab00000)
  object space 721920K, 70% used [0x00000006c0000000,0x00000006defe6ea0,0x00000006ec100000)
 Metaspace       used 28766K, capacity 30314K, committed 30592K, reserved 1075200K
  class space    used 3890K, capacity 4155K, committed 4224K, reserved 1048576K
}

